#
# A fatal error has been detected by the Java Runtime Environment:
#
#  EXCEPTION_ACCESS_VIOLATION (0xc0000005) at pc=0x00007ffce6bee0a9, pid=3136, tid=12644
#
# JRE version: OpenJDK Runtime Environment Microsoft-8035246 (17.0.8+7) (build 17.0.8+7-LTS)
# Java VM: OpenJDK 64-Bit Server VM Microsoft-8035246 (17.0.8+7-LTS, mixed mode, sharing, tiered, compressed oops, compressed class ptrs, g1 gc, windows-amd64)
# Problematic frame:
# V  [jvm.dll+0x2be0a9]
#
# No core dump will be written. Minidumps are not enabled by default on client versions of Windows
#
# If you would like to submit a bug report, please visit:
#   https://github.com/microsoft/openjdk/issues
#

---------------  S U M M A R Y ------------

Command Line: -XX:MaxMetaspaceSize=512m --add-opens=java.base/java.util=ALL-UNNAMED --add-opens=java.base/java.lang=ALL-UNNAMED --add-opens=java.base/java.lang.invoke=ALL-UNNAMED --add-opens=java.prefs/java.util.prefs=ALL-UNNAMED --add-opens=java.base/java.nio.charset=ALL-UNNAMED --add-opens=java.base/java.net=ALL-UNNAMED --add-opens=java.base/java.util.concurrent.atomic=ALL-UNNAMED -Xmx2048m -Dfile.encoding=windows-1252 -Duser.country=US -Duser.language=en -Duser.variant -javaagent:C:\Users\mahed\.gradle\wrapper\dists\gradle-8.3-all\6en3ugtfdg5xnpx44z4qbwgas\gradle-8.3\lib\agents\gradle-instrumentation-agent-8.3.jar org.gradle.launcher.daemon.bootstrap.GradleDaemon 8.3

Host: Intel(R) Core(TM) i5-4690S CPU @ 3.20GHz, 4 cores, 15G,  Windows 10 , 64 bit Build 19041 (10.0.19041.3636)
Time: Sun Jan 28 10:36:37 2024 Pakistan Standard Time elapsed time: 69.789655 seconds (0d 0h 1m 9s)

---------------  T H R E A D  ---------------

Current thread (0x000002354ee230c0):  JavaThread "C2 CompilerThread1" daemon [_thread_in_native, id=12644, stack(0x00000060d8500000,0x00000060d8600000)]


Current CompileTask:
C2:  69789 15145       4       org.gradle.cache.internal.ExclusiveCacheAccessingWorker$1::call (10 bytes)

Stack: [0x00000060d8500000,0x00000060d8600000],  sp=0x00000060d85fb9b0,  free space=1006k
Native frames: (J=compiled Java code, j=interpreted, Vv=VM code, C=native code)
V  [jvm.dll+0x2be0a9]
V  [jvm.dll+0x21ba8b]
V  [jvm.dll+0x21944b]
V  [jvm.dll+0x1a56b6]
V  [jvm.dll+0x2291ea]
V  [jvm.dll+0x22724c]
V  [jvm.dll+0x7efd0c]
V  [jvm.dll+0x7ea13a]
V  [jvm.dll+0x67ad85]
C  [ucrtbase.dll+0x21bb2]
C  [KERNEL32.DLL+0x17344]
C  [ntdll.dll+0x526b1]


siginfo: EXCEPTION_ACCESS_VIOLATION (0xc0000005), reading address 0x0000000000000028


Register to memory mapping:

RIP=0x00007ffce6bee0a9 jvm.dll
RAX=0x0000023558cc5590 points into unknown readable memory: 0x0000000000000000 | 00 00 00 00 00 00 00 00
RBX=0x0000000000001952 is an unknown value
RCX=0x0 is NULL
RDX=0x0 is NULL
RSP=0x00000060d85fb9b0 is pointing into the stack for thread: 0x000002354ee230c0
RBP=0x00000060d85fba20 is pointing into the stack for thread: 0x000002354ee230c0
RSI=0x0 is NULL
RDI=0x0000000000000051 is an unknown value
R8 =0x000000000000ffe0 is an unknown value
R9 =0x0 is NULL
R10=0x00007ffd3d6e0000 VCRUNTIME140.dll
R11=0x0000023558cc55b0 points into unknown readable memory: 0x0000000000000000 | 00 00 00 00 00 00 00 00
R12=0x0000000000000050 is an unknown value
R13=0x0 is NULL
R14=0x0 is NULL
R15=0x00000060d85febd0 is pointing into the stack for thread: 0x000002354ee230c0


Registers:
RAX=0x0000023558cc5590, RBX=0x0000000000001952, RCX=0x0000000000000000, RDX=0x0000000000000000
RSP=0x00000060d85fb9b0, RBP=0x00000060d85fba20, RSI=0x0000000000000000, RDI=0x0000000000000051
R8 =0x000000000000ffe0, R9 =0x0000000000000000, R10=0x00007ffd3d6e0000, R11=0x0000023558cc55b0
R12=0x0000000000000050, R13=0x0000000000000000, R14=0x0000000000000000, R15=0x00000060d85febd0
RIP=0x00007ffce6bee0a9, EFLAGS=0x0000000000010202

Top of Stack: (sp=0x00000060d85fb9b0)
0x00000060d85fb9b0:   0000000000001952 0000000000000000
0x00000060d85fb9c0:   00000060d85febd0 00007ffce6b538d1
0x00000060d85fb9d0:   000002355146c190 00007ffc00002000
0x00000060d85fb9e0:   0000023558cc5590 0000023500000000
0x00000060d85fb9f0:   0000000000000002 0000023551035440
0x00000060d85fba00:   0000000000000002 000002355146c190
0x00000060d85fba10:   0000000000000000 0000000000000000
0x00000060d85fba20:   000002354fa10230 000002350da69960
0x00000060d85fba30:   0000000000000051 00007ffce7274c08
0x00000060d85fba40:   00000060d85fbb50 00007ffce6b4ba8b
0x00000060d85fba50:   00000060d85febd0 00007ffce7274c08
0x00000060d85fba60:   00000060d85febd0 00000060d85fbb50
0x00000060d85fba70:   0000006000000000 00000060d85ff730
0x00000060d85fba80:   000000600000000f 00000060d85febd0
0x00000060d85fba90:   00000060d85fbc00 00007ffc00000000
0x00000060d85fbaa0:   0000023500000100 00007ffce7274c08 

Instructions: (pc=0x00007ffce6bee0a9)
0x00007ffce6bedfa9:   3b d0 75 0b ff c1 41 3b c9 7c dc 48 8b c2 c3 33
0x00007ffce6bedfb9:   c0 c3 cc cc cc cc cc 48 89 5c 24 18 55 56 57 41
0x00007ffce6bedfc9:   55 41 57 48 8b ec 48 83 ec 70 65 48 8b 04 25 58
0x00007ffce6bedfd9:   00 00 00 48 8b f2 44 8b 05 d2 8b 90 00 4c 8b f9
0x00007ffce6bedfe9:   4a 8b 1c c0 b8 50 00 00 00 80 3c 18 00 75 05 e8
0x00007ffce6bedff9:   8b 6f 5d 00 b8 20 00 00 00 48 8b 04 18 48 8b 98
0x00007ffce6bee009:   38 02 00 00 48 89 5d b0 c7 45 b8 04 00 00 00 48
0x00007ffce6bee019:   8b 43 18 48 83 f8 df 76 18 4c 8d 05 37 a9 65 00
0x00007ffce6bee029:   ba 20 00 00 00 48 8b cb e8 5a eb de ff 48 8b 43
0x00007ffce6bee039:   18 48 8d 48 20 48 3b 4b 20 76 11 45 33 c0 48 8b
0x00007ffce6bee049:   cb 41 8d 50 20 e8 fd e8 de ff eb 04 48 89 4b 18
0x00007ffce6bee059:   44 8b 45 b8 33 d2 49 c1 e0 03 48 8b c8 48 89 45
0x00007ffce6bee069:   c0 e8 e3 80 5d 00 45 33 ed 48 8d 4d d0 44 89 6d
0x00007ffce6bee079:   c8 e8 01 59 56 00 41 8b 9f 40 02 00 00 41 2b 9f
0x00007ffce6bee089:   68 02 00 00 44 89 6d f0 3b 5d b8 72 0b 8b d3 48
0x00007ffce6bee099:   8d 4d b0 e8 6f b3 39 00 48 8b 45 c0 4c 89 2c d8
0x00007ffce6bee0a9:   8b 7e 28 8b df c1 eb 05 3b 5d d0 72 0b 8b d3 48
0x00007ffce6bee0b9:   8d 4d d0 e8 1f 59 56 00 48 8b 45 d8 83 e7 1f 48
0x00007ffce6bee0c9:   8d 14 98 40 0f b6 cf 41 b8 01 00 00 00 41 d3 e0
0x00007ffce6bee0d9:   8b 0a 8b c1 41 0b c0 89 02 41 85 c8 75 21 8b 5d
0x00007ffce6bee0e9:   c8 8d 43 01 89 45 c8 3b 5d b8 72 0b 8b d3 48 8d
0x00007ffce6bee0f9:   4d b0 e8 10 b3 39 00 48 8b 45 c0 48 89 34 d8 44
0x00007ffce6bee109:   39 6d c8 0f 86 77 01 00 00 4c 89 a4 24 a0 00 00
0x00007ffce6bee119:   00 4c 89 b4 24 a8 00 00 00 48 8b 45 c0 41 8b cd
0x00007ffce6bee129:   48 8b 34 c8 8b 46 2c 25 ff 1f 00 00 3d 04 10 00
0x00007ffce6bee139:   00 0f 85 a7 00 00 00 bb 01 00 00 00 39 5e 18 76
0x00007ffce6bee149:   39 66 0f 1f 44 00 00 48 8b 46 08 8b cb 48 8b 14
0x00007ffce6bee159:   c8 48 85 d2 74 1d 48 83 7a 10 00 74 16 80 7a 2c
0x00007ffce6bee169:   84 74 10 e8 7f 7e ee ff 48 8b d0 49 8b cf e8 a4
0x00007ffce6bee179:   61 f6 ff ff c3 3b 5e 18 72 cd 48 8b 5e 10 8b 46
0x00007ffce6bee189:   20 4c 8d 34 c3 49 3b de 73 54 48 8b 3b 8b 47 2c
0x00007ffce6bee199:   83 e0 03 3c 03 75 2e 48 8b 07 48 8b cf ff 90 88 


Stack slot to memory mapping:
stack at sp + 0 slots: 0x0000000000001952 is an unknown value
stack at sp + 1 slots: 0x0 is NULL
stack at sp + 2 slots: 0x00000060d85febd0 is pointing into the stack for thread: 0x000002354ee230c0
stack at sp + 3 slots: 0x00007ffce6b538d1 jvm.dll
stack at sp + 4 slots: 0x000002355146c190 points into unknown readable memory: 0x0000023500000006 | 06 00 00 00 35 02 00 00
stack at sp + 5 slots: 0x00007ffc00002000 is an unknown value
stack at sp + 6 slots: 0x0000023558cc5590 points into unknown readable memory: 0x0000000000000000 | 00 00 00 00 00 00 00 00
stack at sp + 7 slots: 0x0000023500000000 is an unknown value


---------------  P R O C E S S  ---------------

Threads class SMR info:
_java_thread_list=0x0000023550db5620, length=95, elements={
0x000002350da527b0, 0x000002352d5db040, 0x000002352d5dbec0, 0x000002352d5f3460,
0x000002352d5f5030, 0x000002352d5f7a00, 0x000002352d5f83c0, 0x000002352d6014c0,
0x000002352d605470, 0x000002352d608a70, 0x000002352d5c6420, 0x000002352d9227d0,
0x000002354e914450, 0x000002354eae0c00, 0x000002354e5722c0, 0x000002354e957b50,
0x000002354e09f360, 0x000002354e252250, 0x000002354e24efb0, 0x000002354e250900,
0x000002354e251320, 0x000002354e252760, 0x000002354e24fee0, 0x000002354e251830,
0x000002354e250e10, 0x000002354e251d40, 0x000002354f727e10, 0x000002354f7269d0,
0x000002354f725590, 0x000002354f729760, 0x000002354f72a690, 0x000002354f728830,
0x000002354f726ee0, 0x000002354f728d40, 0x000002354f729250, 0x000002354f72a180,
0x000002354f72bad0, 0x000002354f72b0b0, 0x000002354f724b70, 0x000002354f725080,
0x000002354f727900, 0x000002354e24f4c0, 0x000002354db1b2b0, 0x000002354db1ada0,
0x000002354db1d620, 0x000002354db1a380, 0x000002354db1d110, 0x000002354db1c1e0,
0x000002354db1c6f0, 0x000002354db19e70, 0x000002354db1cc00, 0x000002354db1a890,
0x000002355151c0c0, 0x00000235515211c0, 0x0000023551523530, 0x000002355151e940,
0x0000023551523a40, 0x000002355151d500, 0x0000023551520290, 0x00000235515207a0,
0x0000023551520cb0, 0x000002355151c5d0, 0x000002355151f360, 0x0000023551522b10,
0x0000023551521be0, 0x000002355151f870, 0x000002355151fd80, 0x000002355151df20,
0x0000023551523020, 0x000002355151cff0, 0x000002355151da10, 0x0000023557b589f0,
0x0000023557b56170, 0x0000023557b5a340, 0x0000023557b584e0, 0x000002354ee230c0,
0x0000023557b57ac0, 0x0000023557b5a850, 0x0000023557b575b0, 0x0000023557b56680,
0x0000023557b5ad60, 0x0000023557b5daf0, 0x0000023557b58f00, 0x0000023557b59920,
0x0000023557b59410, 0x0000023557b56b90, 0x0000023557b5b780, 0x0000023557b5bc90,
0x0000023557b570a0, 0x0000023557b5c1a0, 0x0000023557b5c6b0, 0x0000023557b5d5e0,
0x0000023557b5cbc0, 0x000002354e24f9d0, 0x000002354e2f3800
}

Java Threads: ( => current thread )
  0x000002350da527b0 JavaThread "main" [_thread_blocked, id=3540, stack(0x00000060d4900000,0x00000060d4a00000)]
  0x000002352d5db040 JavaThread "Reference Handler" daemon [_thread_blocked, id=5472, stack(0x00000060d5000000,0x00000060d5100000)]
  0x000002352d5dbec0 JavaThread "Finalizer" daemon [_thread_blocked, id=6664, stack(0x00000060d5100000,0x00000060d5200000)]
  0x000002352d5f3460 JavaThread "Signal Dispatcher" daemon [_thread_blocked, id=6636, stack(0x00000060d5200000,0x00000060d5300000)]
  0x000002352d5f5030 JavaThread "Attach Listener" daemon [_thread_blocked, id=9516, stack(0x00000060d5300000,0x00000060d5400000)]
  0x000002352d5f7a00 JavaThread "Service Thread" daemon [_thread_blocked, id=7412, stack(0x00000060d5400000,0x00000060d5500000)]
  0x000002352d5f83c0 JavaThread "Monitor Deflation Thread" daemon [_thread_blocked, id=744, stack(0x00000060d5500000,0x00000060d5600000)]
  0x000002352d6014c0 JavaThread "C2 CompilerThread0" daemon [_thread_in_native, id=848, stack(0x00000060d5600000,0x00000060d5700000)]
  0x000002352d605470 JavaThread "C1 CompilerThread0" daemon [_thread_blocked, id=1240, stack(0x00000060d5700000,0x00000060d5800000)]
  0x000002352d608a70 JavaThread "Sweeper thread" daemon [_thread_blocked, id=2212, stack(0x00000060d5800000,0x00000060d5900000)]
  0x000002352d5c6420 JavaThread "Common-Cleaner" daemon [_thread_blocked, id=1992, stack(0x00000060d5900000,0x00000060d5a00000)]
  0x000002352d9227d0 JavaThread "Notification Thread" daemon [_thread_blocked, id=7068, stack(0x00000060d5a00000,0x00000060d5b00000)]
  0x000002354e914450 JavaThread "Daemon health stats" [_thread_blocked, id=10968, stack(0x00000060d6000000,0x00000060d6100000)]
  0x000002354eae0c00 JavaThread "Incoming local TCP Connector on port 51342" [_thread_in_native, id=5756, stack(0x00000060d6100000,0x00000060d6200000)]
  0x000002354e5722c0 JavaThread "Daemon periodic checks" [_thread_blocked, id=12476, stack(0x00000060d6200000,0x00000060d6300000)]
  0x000002354e957b50 JavaThread "Daemon" [_thread_blocked, id=10116, stack(0x00000060d6300000,0x00000060d6400000)]
  0x000002354e09f360 JavaThread "Handler for socket connection from /127.0.0.1:51342 to /127.0.0.1:51343" [_thread_in_native, id=1120, stack(0x00000060d6400000,0x00000060d6500000)]
  0x000002354e252250 JavaThread "Cancel handler" [_thread_blocked, id=12480, stack(0x00000060d6500000,0x00000060d6600000)]
  0x000002354e24efb0 JavaThread "Daemon worker" [_thread_blocked, id=7616, stack(0x00000060d6600000,0x00000060d6700000)]
  0x000002354e250900 JavaThread "Asynchronous log dispatcher for DefaultDaemonConnection: socket connection from /127.0.0.1:51342 to /127.0.0.1:51343" [_thread_blocked, id=14340, stack(0x00000060d6700000,0x00000060d6800000)]
  0x000002354e251320 JavaThread "Stdin handler" [_thread_blocked, id=14344, stack(0x00000060d6800000,0x00000060d6900000)]
  0x000002354e252760 JavaThread "Daemon client event forwarder" [_thread_blocked, id=14348, stack(0x00000060d6900000,0x00000060d6a00000)]
  0x000002354e24fee0 JavaThread "Cache worker for journal cache (C:\Users\mahed\.gradle\caches\journal-1)" [_thread_blocked, id=14392, stack(0x00000060d6a00000,0x00000060d6b00000)]
  0x000002354e251830 JavaThread "File lock request listener" [_thread_in_native, id=14396, stack(0x00000060d6b00000,0x00000060d6c00000)]
  0x000002354e250e10 JavaThread "Cache worker for file hash cache (C:\Users\mahed\.gradle\caches\8.3\fileHashes)" [_thread_blocked, id=14552, stack(0x00000060d6c00000,0x00000060d6d00000)]
  0x000002354e251d40 JavaThread "File watcher server" daemon [_thread_in_native, id=14596, stack(0x00000060d6d00000,0x00000060d6e00000)]
  0x000002354f727e10 JavaThread "File watcher consumer" daemon [_thread_blocked, id=14604, stack(0x00000060d6e00000,0x00000060d6f00000)]
  0x000002354f7269d0 JavaThread "Cache worker for checksums cache (D:\University\Dev\ReactNative\NotesLink\android\.gradle\8.3\checksums)" [_thread_blocked, id=14620, stack(0x00000060d6f00000,0x00000060d7000000)]
  0x000002354f725590 JavaThread "Cache worker for file hash cache (D:\University\Dev\ReactNative\NotesLink\android\.gradle\8.3\fileHashes)" [_thread_blocked, id=14628, stack(0x00000060d7000000,0x00000060d7100000)]
  0x000002354f729760 JavaThread "Cache worker for cache directory md-supplier (C:\Users\mahed\.gradle\caches\8.3\md-supplier)" [_thread_blocked, id=14636, stack(0x00000060d7100000,0x00000060d7200000)]
  0x000002354f72a690 JavaThread "Cache worker for file content cache (C:\Users\mahed\.gradle\caches\8.3\fileContent)" [_thread_blocked, id=14640, stack(0x00000060d7200000,0x00000060d7300000)]
  0x000002354f728830 JavaThread "Cache worker for cache directory md-rule (C:\Users\mahed\.gradle\caches\8.3\md-rule)" [_thread_blocked, id=14644, stack(0x00000060d5c00000,0x00000060d5d00000)]
  0x000002354f726ee0 JavaThread "Cache worker for execution history cache (C:\Users\mahed\.gradle\caches\8.3\executionHistory)" [_thread_blocked, id=14656, stack(0x00000060d7300000,0x00000060d7400000)]
  0x000002354f728d40 JavaThread "jar transforms" [_thread_blocked, id=14692, stack(0x00000060d7500000,0x00000060d7600000)]
  0x000002354f729250 JavaThread "jar transforms Thread 2" [_thread_blocked, id=14696, stack(0x00000060d7600000,0x00000060d7700000)]
  0x000002354f72a180 JavaThread "jar transforms Thread 3" [_thread_blocked, id=14724, stack(0x00000060d7700000,0x00000060d7800000)]
  0x000002354f72bad0 JavaThread "jar transforms Thread 4" [_thread_blocked, id=14728, stack(0x00000060d7800000,0x00000060d7900000)]
  0x000002354f72b0b0 JavaThread "Cache worker for kotlin-dsl (C:\Users\mahed\.gradle\caches\8.3\kotlin-dsl)" [_thread_blocked, id=15132, stack(0x00000060d7900000,0x00000060d7a00000)]
  0x000002354f724b70 JavaThread "Unconstrained build operations" [_thread_blocked, id=728, stack(0x00000060d7c00000,0x00000060d7d00000)]
  0x000002354f725080 JavaThread "Unconstrained build operations Thread 2" [_thread_blocked, id=5968, stack(0x00000060d7d00000,0x00000060d7e00000)]
  0x000002354f727900 JavaThread "Cache worker for dependencies-accessors (D:\University\Dev\ReactNative\NotesLink\android\.gradle\8.3\dependencies-accessors)" [_thread_blocked, id=1892, stack(0x00000060d7f00000,0x00000060d8000000)]
  0x000002354e24f4c0 JavaThread "Cache worker for Build Output Cleanup Cache (D:\University\Dev\ReactNative\NotesLink\node_modules\@react-native\gradle-plugin\.gradle\buildOutputCleanup)" [_thread_blocked, id=7188, stack(0x00000060d8000000,0x00000060d8100000)]
  0x000002354db1b2b0 JavaThread "Unconstrained build operations Thread 3" [_thread_blocked, id=4040, stack(0x00000060d7e00000,0x00000060d7f00000)]
  0x000002354db1ada0 JavaThread "Unconstrained build operations Thread 4" [_thread_blocked, id=13372, stack(0x00000060d8100000,0x00000060d8200000)]
  0x000002354db1d620 JavaThread "Unconstrained build operations Thread 5" [_thread_blocked, id=14900, stack(0x00000060d8200000,0x00000060d8300000)]
  0x000002354db1a380 JavaThread "Memory manager" [_thread_blocked, id=13016, stack(0x00000060d8400000,0x00000060d8500000)]
  0x000002354db1d110 JavaThread "Cache worker for Build Output Cleanup Cache (D:\University\Dev\ReactNative\NotesLink\android\.gradle\buildOutputCleanup)" [_thread_blocked, id=15288, stack(0x00000060d8300000,0x00000060d8400000)]
  0x000002354db1c1e0 JavaThread "ForkJoinPool.commonPool-worker-1" daemon [_thread_blocked, id=13880, stack(0x00000060d8600000,0x00000060d8700000)]
  0x000002354db1c6f0 JavaThread "ForkJoinPool.commonPool-worker-2" daemon [_thread_blocked, id=13364, stack(0x00000060d8700000,0x00000060d8800000)]
  0x000002354db19e70 JavaThread "ForkJoinPool.commonPool-worker-3" daemon [_thread_blocked, id=14740, stack(0x00000060d8800000,0x00000060d8900000)]
  0x000002354db1cc00 JavaThread "Exec process" [_thread_blocked, id=7248, stack(0x00000060d8900000,0x00000060d8a00000)]
  0x000002354db1a890 JavaThread "Exec process Thread 2" [_thread_blocked, id=14780, stack(0x00000060d8a00000,0x00000060d8b00000)]
  0x000002355151c0c0 JavaThread "Exec process Thread 3" [_thread_blocked, id=14848, stack(0x00000060d8b00000,0x00000060d8c00000)]
  0x00000235515211c0 JavaThread "included builds" [_thread_blocked, id=7924, stack(0x00000060d8c00000,0x00000060d8d00000)]
  0x0000023551523530 JavaThread "Execution worker" [_thread_blocked, id=7824, stack(0x00000060d8d00000,0x00000060d8e00000)]
  0x000002355151e940 JavaThread "Execution worker Thread 2" [_thread_blocked, id=1340, stack(0x00000060d8e00000,0x00000060d8f00000)]
  0x0000023551523a40 JavaThread "Execution worker Thread 3" [_thread_blocked, id=10372, stack(0x00000060d8f00000,0x00000060d9000000)]
  0x000002355151d500 JavaThread "Cache worker for execution history cache (D:\University\Dev\ReactNative\NotesLink\node_modules\@react-native\gradle-plugin\.gradle\8.3\executionHistory)" [_thread_blocked, id=5656, stack(0x00000060d9000000,0x00000060d9100000)]
  0x0000023551520290 JavaThread "Unconstrained build operations Thread 6" [_thread_blocked, id=9780, stack(0x00000060d9100000,0x00000060d9200000)]
  0x00000235515207a0 JavaThread "Unconstrained build operations Thread 7" [_thread_blocked, id=13032, stack(0x00000060d9200000,0x00000060d9300000)]
  0x0000023551520cb0 JavaThread "Unconstrained build operations Thread 8" [_thread_blocked, id=5880, stack(0x00000060d9300000,0x00000060d9400000)]
  0x000002355151c5d0 JavaThread "Unconstrained build operations Thread 9" [_thread_blocked, id=5600, stack(0x00000060d9400000,0x00000060d9500000)]
  0x000002355151f360 JavaThread "Unconstrained build operations Thread 10" [_thread_blocked, id=7324, stack(0x00000060d9500000,0x00000060d9600000)]
  0x0000023551522b10 JavaThread "Unconstrained build operations Thread 11" [_thread_blocked, id=5964, stack(0x00000060d9600000,0x00000060d9700000)]
  0x0000023551521be0 JavaThread "Unconstrained build operations Thread 12" [_thread_blocked, id=13764, stack(0x00000060d9700000,0x00000060d9800000)]
  0x000002355151f870 JavaThread "Unconstrained build operations Thread 13" [_thread_blocked, id=5584, stack(0x00000060d9800000,0x00000060d9900000)]
  0x000002355151fd80 JavaThread "Unconstrained build operations Thread 14" [_thread_blocked, id=12732, stack(0x00000060d4600000,0x00000060d4700000)]
  0x000002355151df20 JavaThread "Unconstrained build operations Thread 15" [_thread_blocked, id=12768, stack(0x00000060d4700000,0x00000060d4800000)]
  0x0000023551523020 JavaThread "Unconstrained build operations Thread 16" [_thread_blocked, id=12840, stack(0x00000060d4800000,0x00000060d4900000)]
  0x000002355151cff0 JavaThread "Unconstrained build operations Thread 17" [_thread_blocked, id=13192, stack(0x00000060d9900000,0x00000060d9a00000)]
  0x000002355151da10 JavaThread "Unconstrained build operations Thread 18" [_thread_blocked, id=13296, stack(0x00000060d9a00000,0x00000060d9b00000)]
  0x0000023557b589f0 JavaThread "Unconstrained build operations Thread 19" [_thread_blocked, id=8888, stack(0x00000060d9b00000,0x00000060d9c00000)]
  0x0000023557b56170 JavaThread "Unconstrained build operations Thread 20" [_thread_blocked, id=9368, stack(0x00000060d9c00000,0x00000060d9d00000)]
  0x0000023557b5a340 JavaThread "Unconstrained build operations Thread 21" [_thread_blocked, id=6492, stack(0x00000060d9d00000,0x00000060d9e00000)]
  0x0000023557b584e0 JavaThread "Unconstrained build operations Thread 22" [_thread_blocked, id=14428, stack(0x00000060d9e00000,0x00000060d9f00000)]
=>0x000002354ee230c0 JavaThread "C2 CompilerThread1" daemon [_thread_in_native, id=12644, stack(0x00000060d8500000,0x00000060d8600000)]
  0x0000023557b57ac0 JavaThread "Unconstrained build operations Thread 23" [_thread_blocked, id=4660, stack(0x00000060d9f00000,0x00000060da000000)]
  0x0000023557b5a850 JavaThread "Unconstrained build operations Thread 24" [_thread_blocked, id=6888, stack(0x00000060da000000,0x00000060da100000)]
  0x0000023557b575b0 JavaThread "Unconstrained build operations Thread 25" [_thread_blocked, id=7096, stack(0x00000060da100000,0x00000060da200000)]
  0x0000023557b56680 JavaThread "Unconstrained build operations Thread 26" [_thread_blocked, id=12252, stack(0x00000060da200000,0x00000060da300000)]
  0x0000023557b5ad60 JavaThread "Unconstrained build operations Thread 27" [_thread_blocked, id=14456, stack(0x00000060da300000,0x00000060da400000)]
  0x0000023557b5daf0 JavaThread "Unconstrained build operations Thread 28" [_thread_blocked, id=12968, stack(0x00000060da400000,0x00000060da500000)]
  0x0000023557b58f00 JavaThread "Unconstrained build operations Thread 29" [_thread_blocked, id=14092, stack(0x00000060da500000,0x00000060da600000)]
  0x0000023557b59920 JavaThread "Unconstrained build operations Thread 30" [_thread_blocked, id=13992, stack(0x00000060da600000,0x00000060da700000)]
  0x0000023557b59410 JavaThread "Unconstrained build operations Thread 31" [_thread_blocked, id=1280, stack(0x00000060da700000,0x00000060da800000)]
  0x0000023557b56b90 JavaThread "Unconstrained build operations Thread 32" [_thread_blocked, id=15128, stack(0x00000060da800000,0x00000060da900000)]
  0x0000023557b5b780 JavaThread "Unconstrained build operations Thread 33" [_thread_blocked, id=14412, stack(0x00000060da900000,0x00000060daa00000)]
  0x0000023557b5bc90 JavaThread "Unconstrained build operations Thread 34" [_thread_blocked, id=14664, stack(0x00000060daa00000,0x00000060dab00000)]
  0x0000023557b570a0 JavaThread "Unconstrained build operations Thread 35" [_thread_blocked, id=12040, stack(0x00000060dab00000,0x00000060dac00000)]
  0x0000023557b5c1a0 JavaThread "Unconstrained build operations Thread 36" [_thread_blocked, id=13968, stack(0x00000060dac00000,0x00000060dad00000)]
  0x0000023557b5c6b0 JavaThread "Unconstrained build operations Thread 37" [_thread_blocked, id=13264, stack(0x00000060dad00000,0x00000060dae00000)]
  0x0000023557b5d5e0 JavaThread "Unconstrained build operations Thread 38" [_thread_blocked, id=1048, stack(0x00000060dae00000,0x00000060daf00000)]
  0x0000023557b5cbc0 JavaThread "Unconstrained build operations Thread 39" [_thread_blocked, id=12620, stack(0x00000060daf00000,0x00000060db000000)]
  0x000002354e24f9d0 JavaThread "Unconstrained build operations Thread 40" [_thread_blocked, id=14572, stack(0x00000060db000000,0x00000060db100000)]
  0x000002354e2f3800 JavaThread "Cache worker for execution history cache (D:\University\Dev\ReactNative\NotesLink\android\.gradle\8.3\executionHistory)" [_thread_blocked, id=14444, stack(0x00000060db100000,0x00000060db200000)]

Other Threads:
  0x000002352d5d6b70 VMThread "VM Thread" [stack: 0x00000060d4f00000,0x00000060d5000000] [id=4220]
  0x000002350dacbd20 WatcherThread [stack: 0x00000060d5b00000,0x00000060d5c00000] [id=10192]
  0x000002350daaec90 GCTaskThread "GC Thread#0" [stack: 0x00000060d4a00000,0x00000060d4b00000] [id=12344]
  0x000002352daf7020 GCTaskThread "GC Thread#1" [stack: 0x00000060d5d00000,0x00000060d5e00000] [id=2168]
  0x000002354d06be40 GCTaskThread "GC Thread#2" [stack: 0x00000060d5e00000,0x00000060d5f00000] [id=10460]
  0x000002352da53460 GCTaskThread "GC Thread#3" [stack: 0x00000060d5f00000,0x00000060d6000000] [id=4008]
  0x000002350dac0bf0 ConcurrentGCThread "G1 Main Marker" [stack: 0x00000060d4b00000,0x00000060d4c00000] [id=12068]
  0x000002350dac1600 ConcurrentGCThread "G1 Conc#0" [stack: 0x00000060d4c00000,0x00000060d4d00000] [id=1396]
  0x000002352d492170 ConcurrentGCThread "G1 Refine#0" [stack: 0x00000060d4d00000,0x00000060d4e00000] [id=7656]
  0x000002352d4929b0 ConcurrentGCThread "G1 Service" [stack: 0x00000060d4e00000,0x00000060d4f00000] [id=8544]

Threads with active compile tasks:
C2 CompilerThread0    69847 15146       4       org.gradle.cache.internal.AsyncCacheAccessDecoratedCache$$Lambda$512/0x000002352f480000::create (12 bytes)
C2 CompilerThread1    69847 15145       4       org.gradle.cache.internal.ExclusiveCacheAccessingWorker$1::call (10 bytes)

VM state: not at safepoint (normal execution)

VM Mutex/Monitor currently owned by a thread: None

Heap address: 0x0000000080000000, size: 2048 MB, Compressed Oops mode: 32-bit

CDS archive(s) mapped at: [0x000002352e000000-0x000002352ebd0000-0x000002352ebd0000), size 12386304, SharedBaseAddress: 0x000002352e000000, ArchiveRelocationMode: 1.
Compressed class space mapped at: 0x000002352f000000-0x0000023549000000, reserved size: 436207616
Narrow klass base: 0x000002352e000000, Narrow klass shift: 0, Narrow klass range: 0x100000000

GC Precious Log:
 CPUs: 4 total, 4 available
 Memory: 16102M
 Large Page Support: Disabled
 NUMA Support: Disabled
 Compressed Oops: Enabled (32-bit)
 Heap Region Size: 1M
 Heap Min Capacity: 8M
 Heap Initial Capacity: 252M
 Heap Max Capacity: 2G
 Pre-touch: Disabled
 Parallel Workers: 4
 Concurrent Workers: 1
 Concurrent Refinement Workers: 4
 Periodic GC: Disabled

Heap:
 garbage-first heap   total 249856K, used 205596K [0x0000000080000000, 0x0000000100000000)
  region size 1024K, 40 young (40960K), 6 survivors (6144K)
 Metaspace       used 103612K, committed 104640K, reserved 557056K
  class space    used 14376K, committed 14848K, reserved 425984K

Heap Regions: E=young(eden), S=young(survivor), O=old, HS=humongous(starts), HC=humongous(continues), CS=collection set, F=free, OA=open archive, CA=closed archive, TAMS=top-at-mark-start (previous, next)
|   0|0x0000000080000000, 0x0000000080100000, 0x0000000080100000|100%| O|  |TAMS 0x0000000080100000, 0x0000000080000000| Untracked 
|   1|0x0000000080100000, 0x0000000080200000, 0x0000000080200000|100%| O|  |TAMS 0x0000000080200000, 0x0000000080100000| Untracked 
|   2|0x0000000080200000, 0x0000000080300000, 0x0000000080300000|100%|HS|  |TAMS 0x0000000080300000, 0x0000000080200000| Complete 
|   3|0x0000000080300000, 0x0000000080400000, 0x0000000080400000|100%|HC|  |TAMS 0x0000000080400000, 0x0000000080300000| Complete 
|   4|0x0000000080400000, 0x0000000080500000, 0x0000000080500000|100%|HC|  |TAMS 0x0000000080500000, 0x0000000080400000| Complete 
|   5|0x0000000080500000, 0x0000000080600000, 0x0000000080600000|100%|HC|  |TAMS 0x0000000080600000, 0x0000000080500000| Complete 
|   6|0x0000000080600000, 0x0000000080700000, 0x0000000080700000|100%| O|  |TAMS 0x0000000080700000, 0x0000000080600000| Untracked 
|   7|0x0000000080700000, 0x0000000080800000, 0x0000000080800000|100%| O|  |TAMS 0x0000000080800000, 0x0000000080700000| Untracked 
|   8|0x0000000080800000, 0x0000000080900000, 0x0000000080900000|100%| O|  |TAMS 0x0000000080900000, 0x0000000080800000| Untracked 
|   9|0x0000000080900000, 0x0000000080a00000, 0x0000000080a00000|100%| O|  |TAMS 0x0000000080a00000, 0x0000000080900000| Untracked 
|  10|0x0000000080a00000, 0x0000000080b00000, 0x0000000080b00000|100%| O|  |TAMS 0x0000000080b00000, 0x0000000080a00000| Untracked 
|  11|0x0000000080b00000, 0x0000000080c00000, 0x0000000080c00000|100%| O|  |TAMS 0x0000000080c00000, 0x0000000080b00000| Untracked 
|  12|0x0000000080c00000, 0x0000000080d00000, 0x0000000080d00000|100%| O|  |TAMS 0x0000000080d00000, 0x0000000080c00000| Untracked 
|  13|0x0000000080d00000, 0x0000000080e00000, 0x0000000080e00000|100%| O|  |TAMS 0x0000000080e00000, 0x0000000080d00000| Untracked 
|  14|0x0000000080e00000, 0x0000000080f00000, 0x0000000080f00000|100%| O|  |TAMS 0x0000000080f00000, 0x0000000080e00000| Untracked 
|  15|0x0000000080f00000, 0x0000000081000000, 0x0000000081000000|100%| O|  |TAMS 0x0000000081000000, 0x0000000080f00000| Untracked 
|  16|0x0000000081000000, 0x0000000081100000, 0x0000000081100000|100%| O|  |TAMS 0x0000000081100000, 0x0000000081000000| Untracked 
|  17|0x0000000081100000, 0x0000000081200000, 0x0000000081200000|100%| O|  |TAMS 0x0000000081200000, 0x0000000081100000| Untracked 
|  18|0x0000000081200000, 0x0000000081300000, 0x0000000081300000|100%| O|  |TAMS 0x0000000081300000, 0x0000000081200000| Untracked 
|  19|0x0000000081300000, 0x0000000081400000, 0x0000000081400000|100%| O|  |TAMS 0x0000000081400000, 0x0000000081300000| Untracked 
|  20|0x0000000081400000, 0x0000000081500000, 0x0000000081500000|100%| O|  |TAMS 0x0000000081500000, 0x0000000081400000| Untracked 
|  21|0x0000000081500000, 0x0000000081600000, 0x0000000081600000|100%| O|  |TAMS 0x0000000081600000, 0x0000000081500000| Untracked 
|  22|0x0000000081600000, 0x0000000081700000, 0x0000000081700000|100%| O|  |TAMS 0x0000000081700000, 0x0000000081600000| Untracked 
|  23|0x0000000081700000, 0x0000000081800000, 0x0000000081800000|100%| O|  |TAMS 0x0000000081800000, 0x0000000081700000| Untracked 
|  24|0x0000000081800000, 0x0000000081900000, 0x0000000081900000|100%| O|  |TAMS 0x0000000081900000, 0x0000000081800000| Untracked 
|  25|0x0000000081900000, 0x0000000081a00000, 0x0000000081a00000|100%| O|  |TAMS 0x0000000081a00000, 0x0000000081900000| Untracked 
|  26|0x0000000081a00000, 0x0000000081b00000, 0x0000000081b00000|100%| O|  |TAMS 0x0000000081b00000, 0x0000000081a00000| Untracked 
|  27|0x0000000081b00000, 0x0000000081c00000, 0x0000000081c00000|100%| O|  |TAMS 0x0000000081c00000, 0x0000000081b00000| Untracked 
|  28|0x0000000081c00000, 0x0000000081d00000, 0x0000000081d00000|100%| O|  |TAMS 0x0000000081d00000, 0x0000000081c00000| Untracked 
|  29|0x0000000081d00000, 0x0000000081e00000, 0x0000000081e00000|100%| O|  |TAMS 0x0000000081e00000, 0x0000000081d00000| Untracked 
|  30|0x0000000081e00000, 0x0000000081f00000, 0x0000000081f00000|100%| O|  |TAMS 0x0000000081f00000, 0x0000000081e00000| Untracked 
|  31|0x0000000081f00000, 0x0000000082000000, 0x0000000082000000|100%| O|  |TAMS 0x0000000082000000, 0x0000000081f00000| Untracked 
|  32|0x0000000082000000, 0x0000000082100000, 0x0000000082100000|100%| O|  |TAMS 0x0000000082100000, 0x0000000082000000| Untracked 
|  33|0x0000000082100000, 0x0000000082200000, 0x0000000082200000|100%| O|  |TAMS 0x0000000082200000, 0x0000000082100000| Untracked 
|  34|0x0000000082200000, 0x0000000082300000, 0x0000000082300000|100%| O|  |TAMS 0x0000000082300000, 0x0000000082200000| Untracked 
|  35|0x0000000082300000, 0x0000000082400000, 0x0000000082400000|100%| O|  |TAMS 0x0000000082400000, 0x0000000082300000| Untracked 
|  36|0x0000000082400000, 0x0000000082500000, 0x0000000082500000|100%| O|  |TAMS 0x0000000082500000, 0x0000000082400000| Untracked 
|  37|0x0000000082500000, 0x0000000082600000, 0x0000000082600000|100%| O|  |TAMS 0x0000000082600000, 0x0000000082500000| Untracked 
|  38|0x0000000082600000, 0x0000000082700000, 0x0000000082700000|100%| O|  |TAMS 0x0000000082700000, 0x0000000082600000| Untracked 
|  39|0x0000000082700000, 0x0000000082800000, 0x0000000082800000|100%|HS|  |TAMS 0x0000000082800000, 0x0000000082700000| Complete 
|  40|0x0000000082800000, 0x0000000082900000, 0x0000000082900000|100%|HC|  |TAMS 0x0000000082900000, 0x0000000082800000| Complete 
|  41|0x0000000082900000, 0x0000000082a00000, 0x0000000082a00000|100%|HS|  |TAMS 0x0000000082a00000, 0x0000000082900000| Complete 
|  42|0x0000000082a00000, 0x0000000082b00000, 0x0000000082b00000|100%|HC|  |TAMS 0x0000000082b00000, 0x0000000082a00000| Complete 
|  43|0x0000000082b00000, 0x0000000082c00000, 0x0000000082c00000|100%| O|  |TAMS 0x0000000082c00000, 0x0000000082b00000| Untracked 
|  44|0x0000000082c00000, 0x0000000082d00000, 0x0000000082d00000|100%| O|  |TAMS 0x0000000082d00000, 0x0000000082c00000| Untracked 
|  45|0x0000000082d00000, 0x0000000082e00000, 0x0000000082e00000|100%|HS|  |TAMS 0x0000000082e00000, 0x0000000082d00000| Complete 
|  46|0x0000000082e00000, 0x0000000082f00000, 0x0000000082f00000|100%|HC|  |TAMS 0x0000000082f00000, 0x0000000082e00000| Complete 
|  47|0x0000000082f00000, 0x0000000083000000, 0x0000000083000000|100%|HC|  |TAMS 0x0000000083000000, 0x0000000082f00000| Complete 
|  48|0x0000000083000000, 0x0000000083100000, 0x0000000083100000|100%|HC|  |TAMS 0x0000000083100000, 0x0000000083000000| Complete 
|  49|0x0000000083100000, 0x0000000083200000, 0x0000000083200000|100%| O|  |TAMS 0x0000000083200000, 0x0000000083100000| Untracked 
|  50|0x0000000083200000, 0x0000000083300000, 0x0000000083300000|100%| O|  |TAMS 0x0000000083300000, 0x0000000083200000| Untracked 
|  51|0x0000000083300000, 0x0000000083400000, 0x0000000083400000|100%| O|  |TAMS 0x0000000083400000, 0x0000000083300000| Untracked 
|  52|0x0000000083400000, 0x0000000083500000, 0x0000000083500000|100%| O|  |TAMS 0x0000000083500000, 0x0000000083400000| Untracked 
|  53|0x0000000083500000, 0x0000000083600000, 0x0000000083600000|100%|HS|  |TAMS 0x0000000083600000, 0x0000000083500000| Complete 
|  54|0x0000000083600000, 0x0000000083700000, 0x0000000083700000|100%|HC|  |TAMS 0x0000000083700000, 0x0000000083600000| Complete 
|  55|0x0000000083700000, 0x0000000083800000, 0x0000000083800000|100%|HC|  |TAMS 0x0000000083800000, 0x0000000083700000| Complete 
|  56|0x0000000083800000, 0x0000000083900000, 0x0000000083900000|100%|HC|  |TAMS 0x0000000083900000, 0x0000000083800000| Complete 
|  57|0x0000000083900000, 0x0000000083a00000, 0x0000000083a00000|100%| O|  |TAMS 0x0000000083a00000, 0x0000000083900000| Untracked 
|  58|0x0000000083a00000, 0x0000000083b00000, 0x0000000083b00000|100%| O|  |TAMS 0x0000000083b00000, 0x0000000083a00000| Untracked 
|  59|0x0000000083b00000, 0x0000000083c00000, 0x0000000083c00000|100%| O|  |TAMS 0x0000000083c00000, 0x0000000083b00000| Untracked 
|  60|0x0000000083c00000, 0x0000000083d00000, 0x0000000083d00000|100%| O|  |TAMS 0x0000000083d00000, 0x0000000083c00000| Untracked 
|  61|0x0000000083d00000, 0x0000000083e00000, 0x0000000083e00000|100%| O|  |TAMS 0x0000000083e00000, 0x0000000083d00000| Untracked 
|  62|0x0000000083e00000, 0x0000000083f00000, 0x0000000083f00000|100%| O|  |TAMS 0x0000000083f00000, 0x0000000083e00000| Untracked 
|  63|0x0000000083f00000, 0x0000000084000000, 0x0000000084000000|100%| O|  |TAMS 0x0000000084000000, 0x0000000083f00000| Untracked 
|  64|0x0000000084000000, 0x0000000084100000, 0x0000000084100000|100%| O|  |TAMS 0x0000000084100000, 0x0000000084000000| Untracked 
|  65|0x0000000084100000, 0x0000000084200000, 0x0000000084200000|100%| O|  |TAMS 0x0000000084100000, 0x0000000084100000| Untracked 
|  66|0x0000000084200000, 0x0000000084300000, 0x0000000084300000|100%|HS|  |TAMS 0x0000000084200000, 0x0000000084200000| Complete 
|  67|0x0000000084300000, 0x0000000084400000, 0x0000000084400000|100%|HS|  |TAMS 0x0000000084400000, 0x0000000084300000| Complete 
|  68|0x0000000084400000, 0x0000000084500000, 0x0000000084500000|100%|HS|  |TAMS 0x0000000084500000, 0x0000000084400000| Complete 
|  69|0x0000000084500000, 0x0000000084600000, 0x0000000084600000|100%|HS|  |TAMS 0x0000000084600000, 0x0000000084500000| Complete 
|  70|0x0000000084600000, 0x0000000084700000, 0x0000000084700000|100%| O|  |TAMS 0x0000000084700000, 0x0000000084600000| Untracked 
|  71|0x0000000084700000, 0x0000000084800000, 0x0000000084800000|100%|HS|  |TAMS 0x0000000084800000, 0x0000000084700000| Complete 
|  72|0x0000000084800000, 0x0000000084900000, 0x0000000084900000|100%| O|  |TAMS 0x0000000084900000, 0x0000000084800000| Untracked 
|  73|0x0000000084900000, 0x0000000084a00000, 0x0000000084a00000|100%| O|  |TAMS 0x0000000084a00000, 0x0000000084900000| Untracked 
|  74|0x0000000084a00000, 0x0000000084b00000, 0x0000000084b00000|100%| O|  |TAMS 0x0000000084b00000, 0x0000000084a00000| Untracked 
|  75|0x0000000084b00000, 0x0000000084c00000, 0x0000000084c00000|100%| O|  |TAMS 0x0000000084c00000, 0x0000000084b00000| Untracked 
|  76|0x0000000084c00000, 0x0000000084d00000, 0x0000000084d00000|100%| O|  |TAMS 0x0000000084d00000, 0x0000000084c00000| Untracked 
|  77|0x0000000084d00000, 0x0000000084e00000, 0x0000000084e00000|100%| O|  |TAMS 0x0000000084e00000, 0x0000000084d00000| Untracked 
|  78|0x0000000084e00000, 0x0000000084f00000, 0x0000000084f00000|100%| O|  |TAMS 0x0000000084f00000, 0x0000000084e00000| Untracked 
|  79|0x0000000084f00000, 0x0000000085000000, 0x0000000085000000|100%| O|  |TAMS 0x0000000084f6b200, 0x0000000084f00000| Untracked 
|  80|0x0000000085000000, 0x0000000085100000, 0x0000000085100000|100%| O|  |TAMS 0x0000000085000000, 0x0000000085000000| Untracked 
|  81|0x0000000085100000, 0x0000000085200000, 0x0000000085200000|100%| O|  |TAMS 0x0000000085100000, 0x0000000085100000| Untracked 
|  82|0x0000000085200000, 0x0000000085300000, 0x0000000085300000|100%| O|  |TAMS 0x0000000085200000, 0x0000000085200000| Untracked 
|  83|0x0000000085300000, 0x0000000085400000, 0x0000000085400000|100%| O|  |TAMS 0x0000000085300000, 0x0000000085300000| Untracked 
|  84|0x0000000085400000, 0x0000000085500000, 0x0000000085500000|100%| O|  |TAMS 0x0000000085400000, 0x0000000085400000| Untracked 
|  85|0x0000000085500000, 0x0000000085600000, 0x0000000085600000|100%| O|  |TAMS 0x0000000085500000, 0x0000000085500000| Untracked 
|  86|0x0000000085600000, 0x0000000085700000, 0x0000000085700000|100%| O|  |TAMS 0x0000000085600000, 0x0000000085600000| Untracked 
|  87|0x0000000085700000, 0x0000000085800000, 0x0000000085800000|100%|HS|  |TAMS 0x0000000085700000, 0x0000000085700000| Complete 
|  88|0x0000000085800000, 0x0000000085900000, 0x0000000085900000|100%|HS|  |TAMS 0x0000000085800000, 0x0000000085800000| Complete 
|  89|0x0000000085900000, 0x0000000085a00000, 0x0000000085a00000|100%|HC|  |TAMS 0x0000000085900000, 0x0000000085900000| Complete 
|  90|0x0000000085a00000, 0x0000000085b00000, 0x0000000085b00000|100%| O|  |TAMS 0x0000000085a00000, 0x0000000085a00000| Untracked 
|  91|0x0000000085b00000, 0x0000000085c00000, 0x0000000085c00000|100%| O|  |TAMS 0x0000000085b00000, 0x0000000085b00000| Untracked 
|  92|0x0000000085c00000, 0x0000000085d00000, 0x0000000085d00000|100%| O|  |TAMS 0x0000000085c00000, 0x0000000085c00000| Untracked 
|  93|0x0000000085d00000, 0x0000000085e00000, 0x0000000085e00000|100%| O|  |TAMS 0x0000000085d00000, 0x0000000085d00000| Untracked 
|  94|0x0000000085e00000, 0x0000000085f00000, 0x0000000085f00000|100%| O|  |TAMS 0x0000000085e00000, 0x0000000085e00000| Untracked 
|  95|0x0000000085f00000, 0x0000000086000000, 0x0000000086000000|100%| O|  |TAMS 0x0000000085f00000, 0x0000000085f00000| Untracked 
|  96|0x0000000086000000, 0x0000000086100000, 0x0000000086100000|100%| O|  |TAMS 0x0000000086000000, 0x0000000086000000| Untracked 
|  97|0x0000000086100000, 0x0000000086200000, 0x0000000086200000|100%|HS|  |TAMS 0x0000000086100000, 0x0000000086100000| Complete 
|  98|0x0000000086200000, 0x0000000086300000, 0x0000000086300000|100%|HS|  |TAMS 0x0000000086200000, 0x0000000086200000| Complete 
|  99|0x0000000086300000, 0x0000000086400000, 0x0000000086400000|100%|HS|  |TAMS 0x0000000086300000, 0x0000000086300000| Complete 
| 100|0x0000000086400000, 0x0000000086500000, 0x0000000086500000|100%| O|  |TAMS 0x0000000086400000, 0x0000000086400000| Untracked 
| 101|0x0000000086500000, 0x0000000086600000, 0x0000000086600000|100%| O|  |TAMS 0x0000000086500000, 0x0000000086500000| Untracked 
| 102|0x0000000086600000, 0x0000000086700000, 0x0000000086700000|100%| O|  |TAMS 0x0000000086600000, 0x0000000086600000| Untracked 
| 103|0x0000000086700000, 0x0000000086800000, 0x0000000086800000|100%| O|  |TAMS 0x0000000086700000, 0x0000000086700000| Untracked 
| 104|0x0000000086800000, 0x0000000086900000, 0x0000000086900000|100%| O|  |TAMS 0x0000000086800000, 0x0000000086800000| Untracked 
| 105|0x0000000086900000, 0x0000000086a00000, 0x0000000086a00000|100%| O|  |TAMS 0x0000000086900000, 0x0000000086900000| Untracked 
| 106|0x0000000086a00000, 0x0000000086b00000, 0x0000000086b00000|100%| O|  |TAMS 0x0000000086a00000, 0x0000000086a00000| Untracked 
| 107|0x0000000086b00000, 0x0000000086c00000, 0x0000000086c00000|100%| O|  |TAMS 0x0000000086b00000, 0x0000000086b00000| Untracked 
| 108|0x0000000086c00000, 0x0000000086d00000, 0x0000000086d00000|100%| O|  |TAMS 0x0000000086c00000, 0x0000000086c00000| Untracked 
| 109|0x0000000086d00000, 0x0000000086e00000, 0x0000000086e00000|100%| O|  |TAMS 0x0000000086d00000, 0x0000000086d00000| Untracked 
| 110|0x0000000086e00000, 0x0000000086f00000, 0x0000000086f00000|100%| O|  |TAMS 0x0000000086e00000, 0x0000000086e00000| Untracked 
| 111|0x0000000086f00000, 0x0000000087000000, 0x0000000087000000|100%| O|  |TAMS 0x0000000086f00000, 0x0000000086f00000| Untracked 
| 112|0x0000000087000000, 0x0000000087100000, 0x0000000087100000|100%| O|  |TAMS 0x0000000087000000, 0x0000000087000000| Untracked 
| 113|0x0000000087100000, 0x0000000087200000, 0x0000000087200000|100%| O|  |TAMS 0x0000000087100000, 0x0000000087100000| Untracked 
| 114|0x0000000087200000, 0x0000000087300000, 0x0000000087300000|100%|HS|  |TAMS 0x0000000087200000, 0x0000000087200000| Complete 
| 115|0x0000000087300000, 0x0000000087400000, 0x0000000087400000|100%|HS|  |TAMS 0x0000000087300000, 0x0000000087300000| Complete 
| 116|0x0000000087400000, 0x0000000087500000, 0x0000000087500000|100%| O|  |TAMS 0x0000000087400000, 0x0000000087400000| Untracked 
| 117|0x0000000087500000, 0x0000000087600000, 0x0000000087600000|100%| O|  |TAMS 0x0000000087500000, 0x0000000087500000| Untracked 
| 118|0x0000000087600000, 0x0000000087700000, 0x0000000087700000|100%| O|  |TAMS 0x0000000087600000, 0x0000000087600000| Untracked 
| 119|0x0000000087700000, 0x0000000087800000, 0x0000000087800000|100%| O|  |TAMS 0x0000000087700000, 0x0000000087700000| Untracked 
| 120|0x0000000087800000, 0x0000000087900000, 0x0000000087900000|100%| O|  |TAMS 0x0000000087800000, 0x0000000087800000| Untracked 
| 121|0x0000000087900000, 0x0000000087a00000, 0x0000000087a00000|100%| O|  |TAMS 0x0000000087900000, 0x0000000087900000| Untracked 
| 122|0x0000000087a00000, 0x0000000087b00000, 0x0000000087b00000|100%| O|  |TAMS 0x0000000087a00000, 0x0000000087a00000| Untracked 
| 123|0x0000000087b00000, 0x0000000087c00000, 0x0000000087c00000|100%| O|  |TAMS 0x0000000087b00000, 0x0000000087b00000| Untracked 
| 124|0x0000000087c00000, 0x0000000087d00000, 0x0000000087d00000|100%| O|  |TAMS 0x0000000087c00000, 0x0000000087c00000| Untracked 
| 125|0x0000000087d00000, 0x0000000087e00000, 0x0000000087e00000|100%| O|  |TAMS 0x0000000087d00000, 0x0000000087d00000| Untracked 
| 126|0x0000000087e00000, 0x0000000087f00000, 0x0000000087f00000|100%| O|  |TAMS 0x0000000087e00000, 0x0000000087e00000| Untracked 
| 127|0x0000000087f00000, 0x0000000088000000, 0x0000000088000000|100%| O|  |TAMS 0x0000000087f00000, 0x0000000087f00000| Untracked 
| 128|0x0000000088000000, 0x0000000088100000, 0x0000000088100000|100%| O|  |TAMS 0x0000000088000000, 0x0000000088000000| Untracked 
| 129|0x0000000088100000, 0x0000000088200000, 0x0000000088200000|100%| O|  |TAMS 0x0000000088100000, 0x0000000088100000| Untracked 
| 130|0x0000000088200000, 0x0000000088300000, 0x0000000088300000|100%| O|  |TAMS 0x0000000088200000, 0x0000000088200000| Untracked 
| 131|0x0000000088300000, 0x0000000088400000, 0x0000000088400000|100%| O|  |TAMS 0x0000000088300000, 0x0000000088300000| Untracked 
| 132|0x0000000088400000, 0x0000000088500000, 0x0000000088500000|100%| O|  |TAMS 0x0000000088400000, 0x0000000088400000| Untracked 
| 133|0x0000000088500000, 0x0000000088600000, 0x0000000088600000|100%| O|  |TAMS 0x0000000088500000, 0x0000000088500000| Untracked 
| 134|0x0000000088600000, 0x0000000088700000, 0x0000000088700000|100%| O|  |TAMS 0x0000000088600000, 0x0000000088600000| Untracked 
| 135|0x0000000088700000, 0x0000000088800000, 0x0000000088800000|100%| O|  |TAMS 0x0000000088700000, 0x0000000088700000| Untracked 
| 136|0x0000000088800000, 0x0000000088900000, 0x0000000088900000|100%| O|  |TAMS 0x0000000088800000, 0x0000000088800000| Untracked 
| 137|0x0000000088900000, 0x0000000088a00000, 0x0000000088a00000|100%| O|  |TAMS 0x0000000088900000, 0x0000000088900000| Untracked 
| 138|0x0000000088a00000, 0x0000000088b00000, 0x0000000088b00000|100%| O|  |TAMS 0x0000000088a00000, 0x0000000088a00000| Untracked 
| 139|0x0000000088b00000, 0x0000000088c00000, 0x0000000088c00000|100%| O|  |TAMS 0x0000000088b00000, 0x0000000088b00000| Untracked 
| 140|0x0000000088c00000, 0x0000000088d00000, 0x0000000088d00000|100%| O|  |TAMS 0x0000000088c00000, 0x0000000088c00000| Untracked 
| 141|0x0000000088d00000, 0x0000000088e00000, 0x0000000088e00000|100%| O|  |TAMS 0x0000000088d00000, 0x0000000088d00000| Untracked 
| 142|0x0000000088e00000, 0x0000000088f00000, 0x0000000088f00000|100%| O|  |TAMS 0x0000000088e00000, 0x0000000088e00000| Untracked 
| 143|0x0000000088f00000, 0x0000000089000000, 0x0000000089000000|100%| O|  |TAMS 0x0000000088f00000, 0x0000000088f00000| Untracked 
| 144|0x0000000089000000, 0x0000000089100000, 0x0000000089100000|100%| O|  |TAMS 0x0000000089000000, 0x0000000089000000| Untracked 
| 145|0x0000000089100000, 0x0000000089200000, 0x0000000089200000|100%| O|  |TAMS 0x0000000089100000, 0x0000000089100000| Untracked 
| 146|0x0000000089200000, 0x0000000089300000, 0x0000000089300000|100%| O|  |TAMS 0x0000000089200000, 0x0000000089200000| Untracked 
| 147|0x0000000089300000, 0x0000000089400000, 0x0000000089400000|100%| O|  |TAMS 0x0000000089300000, 0x0000000089300000| Untracked 
| 148|0x0000000089400000, 0x0000000089500000, 0x0000000089500000|100%| O|  |TAMS 0x0000000089400000, 0x0000000089400000| Untracked 
| 149|0x0000000089500000, 0x0000000089600000, 0x0000000089600000|100%| O|  |TAMS 0x0000000089500000, 0x0000000089500000| Untracked 
| 150|0x0000000089600000, 0x0000000089700000, 0x0000000089700000|100%| O|  |TAMS 0x0000000089600000, 0x0000000089600000| Untracked 
| 151|0x0000000089700000, 0x0000000089800000, 0x0000000089800000|100%| O|  |TAMS 0x0000000089700000, 0x0000000089700000| Untracked 
| 152|0x0000000089800000, 0x0000000089900000, 0x0000000089900000|100%| O|  |TAMS 0x0000000089800000, 0x0000000089800000| Untracked 
| 153|0x0000000089900000, 0x0000000089a00000, 0x0000000089a00000|100%| O|  |TAMS 0x0000000089900000, 0x0000000089900000| Untracked 
| 154|0x0000000089a00000, 0x0000000089b00000, 0x0000000089b00000|100%| O|  |TAMS 0x0000000089a00000, 0x0000000089a00000| Untracked 
| 155|0x0000000089b00000, 0x0000000089c00000, 0x0000000089c00000|100%| O|  |TAMS 0x0000000089b00000, 0x0000000089b00000| Untracked 
| 156|0x0000000089c00000, 0x0000000089d00000, 0x0000000089d00000|100%| O|  |TAMS 0x0000000089c00000, 0x0000000089c00000| Untracked 
| 157|0x0000000089d00000, 0x0000000089dc7000, 0x0000000089e00000| 77%| O|  |TAMS 0x0000000089d00000, 0x0000000089d00000| Untracked 
| 158|0x0000000089e00000, 0x0000000089f00000, 0x0000000089f00000|100%|HS|  |TAMS 0x0000000089e00000, 0x0000000089e00000| Complete 
| 159|0x0000000089f00000, 0x000000008a000000, 0x000000008a000000|100%|HC|  |TAMS 0x0000000089f00000, 0x0000000089f00000| Complete 
| 160|0x000000008a000000, 0x000000008a100000, 0x000000008a100000|100%|HS|  |TAMS 0x000000008a000000, 0x000000008a000000| Complete 
| 161|0x000000008a100000, 0x000000008a200000, 0x000000008a200000|100%|HC|  |TAMS 0x000000008a100000, 0x000000008a100000| Complete 
| 162|0x000000008a200000, 0x000000008a200000, 0x000000008a300000|  0%| F|  |TAMS 0x000000008a200000, 0x000000008a200000| Untracked 
| 163|0x000000008a300000, 0x000000008a300000, 0x000000008a400000|  0%| F|  |TAMS 0x000000008a300000, 0x000000008a300000| Untracked 
| 164|0x000000008a400000, 0x000000008a400000, 0x000000008a500000|  0%| F|  |TAMS 0x000000008a400000, 0x000000008a400000| Untracked 
| 165|0x000000008a500000, 0x000000008a500000, 0x000000008a600000|  0%| F|  |TAMS 0x000000008a500000, 0x000000008a500000| Untracked 
| 166|0x000000008a600000, 0x000000008a600000, 0x000000008a700000|  0%| F|  |TAMS 0x000000008a600000, 0x000000008a600000| Untracked 
| 167|0x000000008a700000, 0x000000008a700000, 0x000000008a800000|  0%| F|  |TAMS 0x000000008a700000, 0x000000008a700000| Untracked 
| 168|0x000000008a800000, 0x000000008a800000, 0x000000008a900000|  0%| F|  |TAMS 0x000000008a800000, 0x000000008a800000| Untracked 
| 169|0x000000008a900000, 0x000000008a900000, 0x000000008aa00000|  0%| F|  |TAMS 0x000000008a900000, 0x000000008a900000| Untracked 
| 170|0x000000008aa00000, 0x000000008aa00000, 0x000000008ab00000|  0%| F|  |TAMS 0x000000008aa00000, 0x000000008aa00000| Untracked 
| 171|0x000000008ab00000, 0x000000008ab00000, 0x000000008ac00000|  0%| F|  |TAMS 0x000000008ab00000, 0x000000008ab00000| Untracked 
| 172|0x000000008ac00000, 0x000000008ac00000, 0x000000008ad00000|  0%| F|  |TAMS 0x000000008ac00000, 0x000000008ac00000| Untracked 
| 173|0x000000008ad00000, 0x000000008ad00000, 0x000000008ae00000|  0%| F|  |TAMS 0x000000008ad00000, 0x000000008ad00000| Untracked 
| 174|0x000000008ae00000, 0x000000008ae00000, 0x000000008af00000|  0%| F|  |TAMS 0x000000008ae00000, 0x000000008ae00000| Untracked 
| 175|0x000000008af00000, 0x000000008af00000, 0x000000008b000000|  0%| F|  |TAMS 0x000000008af00000, 0x000000008af00000| Untracked 
| 176|0x000000008b000000, 0x000000008b000000, 0x000000008b100000|  0%| F|  |TAMS 0x000000008b000000, 0x000000008b000000| Untracked 
| 177|0x000000008b100000, 0x000000008b100000, 0x000000008b200000|  0%| F|  |TAMS 0x000000008b100000, 0x000000008b100000| Untracked 
| 178|0x000000008b200000, 0x000000008b200000, 0x000000008b300000|  0%| F|  |TAMS 0x000000008b200000, 0x000000008b200000| Untracked 
| 179|0x000000008b300000, 0x000000008b300000, 0x000000008b400000|  0%| F|  |TAMS 0x000000008b300000, 0x000000008b300000| Untracked 
| 180|0x000000008b400000, 0x000000008b400000, 0x000000008b500000|  0%| F|  |TAMS 0x000000008b400000, 0x000000008b400000| Untracked 
| 181|0x000000008b500000, 0x000000008b500000, 0x000000008b600000|  0%| F|  |TAMS 0x000000008b500000, 0x000000008b500000| Untracked 
| 182|0x000000008b600000, 0x000000008b600000, 0x000000008b700000|  0%| F|  |TAMS 0x000000008b600000, 0x000000008b600000| Untracked 
| 183|0x000000008b700000, 0x000000008b700000, 0x000000008b800000|  0%| F|  |TAMS 0x000000008b700000, 0x000000008b700000| Untracked 
| 184|0x000000008b800000, 0x000000008b800000, 0x000000008b900000|  0%| F|  |TAMS 0x000000008b800000, 0x000000008b800000| Untracked 
| 185|0x000000008b900000, 0x000000008b900000, 0x000000008ba00000|  0%| F|  |TAMS 0x000000008b900000, 0x000000008b900000| Untracked 
| 186|0x000000008ba00000, 0x000000008ba00000, 0x000000008bb00000|  0%| F|  |TAMS 0x000000008ba00000, 0x000000008ba00000| Untracked 
| 187|0x000000008bb00000, 0x000000008bb00000, 0x000000008bc00000|  0%| F|  |TAMS 0x000000008bb00000, 0x000000008bb00000| Untracked 
| 188|0x000000008bc00000, 0x000000008bc00000, 0x000000008bd00000|  0%| F|  |TAMS 0x000000008bc00000, 0x000000008bc00000| Untracked 
| 189|0x000000008bd00000, 0x000000008bd00000, 0x000000008be00000|  0%| F|  |TAMS 0x000000008bd00000, 0x000000008bd00000| Untracked 
| 190|0x000000008be00000, 0x000000008bf00000, 0x000000008bf00000|100%| S|CS|TAMS 0x000000008be00000, 0x000000008be00000| Complete 
| 191|0x000000008bf00000, 0x000000008c000000, 0x000000008c000000|100%| S|CS|TAMS 0x000000008bf00000, 0x000000008bf00000| Complete 
| 192|0x000000008c000000, 0x000000008c100000, 0x000000008c100000|100%| S|CS|TAMS 0x000000008c000000, 0x000000008c000000| Complete 
| 193|0x000000008c100000, 0x000000008c200000, 0x000000008c200000|100%| S|CS|TAMS 0x000000008c100000, 0x000000008c100000| Complete 
| 194|0x000000008c200000, 0x000000008c300000, 0x000000008c300000|100%| S|CS|TAMS 0x000000008c200000, 0x000000008c200000| Complete 
| 195|0x000000008c300000, 0x000000008c400000, 0x000000008c400000|100%| S|CS|TAMS 0x000000008c300000, 0x000000008c300000| Complete 
| 196|0x000000008c400000, 0x000000008c400000, 0x000000008c500000|  0%| F|  |TAMS 0x000000008c400000, 0x000000008c400000| Untracked 
| 197|0x000000008c500000, 0x000000008c500000, 0x000000008c600000|  0%| F|  |TAMS 0x000000008c500000, 0x000000008c500000| Untracked 
| 198|0x000000008c600000, 0x000000008c600000, 0x000000008c700000|  0%| F|  |TAMS 0x000000008c600000, 0x000000008c600000| Untracked 
| 199|0x000000008c700000, 0x000000008c700000, 0x000000008c800000|  0%| F|  |TAMS 0x000000008c700000, 0x000000008c700000| Untracked 
| 200|0x000000008c800000, 0x000000008c800000, 0x000000008c900000|  0%| F|  |TAMS 0x000000008c800000, 0x000000008c800000| Untracked 
| 201|0x000000008c900000, 0x000000008c900000, 0x000000008ca00000|  0%| F|  |TAMS 0x000000008c900000, 0x000000008c900000| Untracked 
| 202|0x000000008ca00000, 0x000000008ca00000, 0x000000008cb00000|  0%| F|  |TAMS 0x000000008ca00000, 0x000000008ca00000| Untracked 
| 203|0x000000008cb00000, 0x000000008cb00000, 0x000000008cc00000|  0%| F|  |TAMS 0x000000008cb00000, 0x000000008cb00000| Untracked 
| 204|0x000000008cc00000, 0x000000008cc00000, 0x000000008cd00000|  0%| F|  |TAMS 0x000000008cc00000, 0x000000008cc00000| Untracked 
| 205|0x000000008cd00000, 0x000000008cd00000, 0x000000008ce00000|  0%| F|  |TAMS 0x000000008cd00000, 0x000000008cd00000| Untracked 
| 206|0x000000008ce00000, 0x000000008ce00000, 0x000000008cf00000|  0%| F|  |TAMS 0x000000008ce00000, 0x000000008ce00000| Untracked 
| 207|0x000000008cf00000, 0x000000008cf00000, 0x000000008d000000|  0%| F|  |TAMS 0x000000008cf00000, 0x000000008cf00000| Untracked 
| 208|0x000000008d000000, 0x000000008d000000, 0x000000008d100000|  0%| F|  |TAMS 0x000000008d000000, 0x000000008d000000| Untracked 
| 209|0x000000008d100000, 0x000000008d100000, 0x000000008d200000|  0%| F|  |TAMS 0x000000008d100000, 0x000000008d100000| Untracked 
| 210|0x000000008d200000, 0x000000008d22c840, 0x000000008d300000| 17%| E|  |TAMS 0x000000008d200000, 0x000000008d200000| Complete 
| 211|0x000000008d300000, 0x000000008d400000, 0x000000008d400000|100%| E|CS|TAMS 0x000000008d300000, 0x000000008d300000| Complete 
| 212|0x000000008d400000, 0x000000008d500000, 0x000000008d500000|100%| E|CS|TAMS 0x000000008d400000, 0x000000008d400000| Complete 
| 213|0x000000008d500000, 0x000000008d600000, 0x000000008d600000|100%| E|CS|TAMS 0x000000008d500000, 0x000000008d500000| Complete 
| 214|0x000000008d600000, 0x000000008d700000, 0x000000008d700000|100%| E|CS|TAMS 0x000000008d600000, 0x000000008d600000| Complete 
| 215|0x000000008d700000, 0x000000008d800000, 0x000000008d800000|100%| E|CS|TAMS 0x000000008d700000, 0x000000008d700000| Complete 
| 216|0x000000008d800000, 0x000000008d900000, 0x000000008d900000|100%| E|CS|TAMS 0x000000008d800000, 0x000000008d800000| Complete 
| 217|0x000000008d900000, 0x000000008da00000, 0x000000008da00000|100%| E|CS|TAMS 0x000000008d900000, 0x000000008d900000| Complete 
| 218|0x000000008da00000, 0x000000008db00000, 0x000000008db00000|100%| E|CS|TAMS 0x000000008da00000, 0x000000008da00000| Complete 
| 219|0x000000008db00000, 0x000000008dc00000, 0x000000008dc00000|100%| E|CS|TAMS 0x000000008db00000, 0x000000008db00000| Complete 
| 220|0x000000008dc00000, 0x000000008dd00000, 0x000000008dd00000|100%| E|CS|TAMS 0x000000008dc00000, 0x000000008dc00000| Complete 
| 221|0x000000008dd00000, 0x000000008de00000, 0x000000008de00000|100%| E|CS|TAMS 0x000000008dd00000, 0x000000008dd00000| Complete 
| 222|0x000000008de00000, 0x000000008df00000, 0x000000008df00000|100%| E|CS|TAMS 0x000000008de00000, 0x000000008de00000| Complete 
| 223|0x000000008df00000, 0x000000008e000000, 0x000000008e000000|100%| E|CS|TAMS 0x000000008df00000, 0x000000008df00000| Complete 
| 224|0x000000008e000000, 0x000000008e100000, 0x000000008e100000|100%| E|CS|TAMS 0x000000008e000000, 0x000000008e000000| Complete 
| 225|0x000000008e100000, 0x000000008e200000, 0x000000008e200000|100%| E|CS|TAMS 0x000000008e100000, 0x000000008e100000| Complete 
| 226|0x000000008e200000, 0x000000008e300000, 0x000000008e300000|100%| E|CS|TAMS 0x000000008e200000, 0x000000008e200000| Complete 
| 227|0x000000008e300000, 0x000000008e400000, 0x000000008e400000|100%| E|CS|TAMS 0x000000008e300000, 0x000000008e300000| Complete 
| 228|0x000000008e400000, 0x000000008e500000, 0x000000008e500000|100%| E|CS|TAMS 0x000000008e400000, 0x000000008e400000| Complete 
| 229|0x000000008e500000, 0x000000008e600000, 0x000000008e600000|100%| E|CS|TAMS 0x000000008e500000, 0x000000008e500000| Complete 
| 230|0x000000008e600000, 0x000000008e700000, 0x000000008e700000|100%| E|CS|TAMS 0x000000008e600000, 0x000000008e600000| Complete 
| 231|0x000000008e700000, 0x000000008e800000, 0x000000008e800000|100%| E|CS|TAMS 0x000000008e700000, 0x000000008e700000| Complete 
| 232|0x000000008e800000, 0x000000008e900000, 0x000000008e900000|100%| E|CS|TAMS 0x000000008e800000, 0x000000008e800000| Complete 
| 233|0x000000008e900000, 0x000000008ea00000, 0x000000008ea00000|100%| E|CS|TAMS 0x000000008e900000, 0x000000008e900000| Complete 
| 234|0x000000008ea00000, 0x000000008eb00000, 0x000000008eb00000|100%| E|CS|TAMS 0x000000008ea00000, 0x000000008ea00000| Complete 
| 235|0x000000008eb00000, 0x000000008ec00000, 0x000000008ec00000|100%| E|CS|TAMS 0x000000008eb00000, 0x000000008eb00000| Complete 
| 236|0x000000008ec00000, 0x000000008ed00000, 0x000000008ed00000|100%| E|CS|TAMS 0x000000008ec00000, 0x000000008ec00000| Complete 
| 237|0x000000008ed00000, 0x000000008ee00000, 0x000000008ee00000|100%| E|CS|TAMS 0x000000008ed00000, 0x000000008ed00000| Complete 
| 238|0x000000008ee00000, 0x000000008ef00000, 0x000000008ef00000|100%| E|CS|TAMS 0x000000008ee00000, 0x000000008ee00000| Complete 
| 239|0x000000008ef00000, 0x000000008f000000, 0x000000008f000000|100%| E|CS|TAMS 0x000000008ef00000, 0x000000008ef00000| Complete 
| 240|0x000000008f000000, 0x000000008f100000, 0x000000008f100000|100%| E|CS|TAMS 0x000000008f000000, 0x000000008f000000| Complete 
| 241|0x000000008f100000, 0x000000008f200000, 0x000000008f200000|100%| E|CS|TAMS 0x000000008f100000, 0x000000008f100000| Complete 
| 242|0x000000008f200000, 0x000000008f300000, 0x000000008f300000|100%| E|CS|TAMS 0x000000008f200000, 0x000000008f200000| Complete 
| 251|0x000000008fb00000, 0x000000008fc00000, 0x000000008fc00000|100%| E|CS|TAMS 0x000000008fb00000, 0x000000008fb00000| Complete 

Card table byte_map: [0x0000023526780000,0x0000023526b80000] _byte_map_base: 0x0000023526380000

Marking Bits (Prev, Next): (CMBitMap*) 0x000002350daaf2b0, (CMBitMap*) 0x000002350daaf2f0
 Prev Bits: [0x0000023526f80000, 0x0000023528f80000)
 Next Bits: [0x0000023528f80000, 0x000002352af80000)

Polling page: 0x000002350db10000

Metaspace:

Usage:
  Non-class:     87.14 MB used.
      Class:     14.04 MB used.
       Both:    101.18 MB used.

Virtual space:
  Non-class space:      128.00 MB reserved,      87.69 MB ( 69%) committed,  2 nodes.
      Class space:      416.00 MB reserved,      14.50 MB (  3%) committed,  1 nodes.
             Both:      544.00 MB reserved,     102.19 MB ( 19%) committed. 

Chunk freelists:
   Non-Class:  7.61 MB
       Class:  1.53 MB
        Both:  9.14 MB

MaxMetaspaceSize: 512.00 MB
CompressedClassSpaceSize: 416.00 MB
Initial GC threshold: 21.00 MB
Current GC threshold: 123.75 MB
CDS: on
MetaspaceReclaimPolicy: balanced
 - commit_granule_bytes: 65536.
 - commit_granule_words: 8192.
 - virtual_space_node_default_size: 8388608.
 - enlarge_chunks_in_place: 1.
 - new_chunks_are_fully_committed: 0.
 - uncommit_free_chunks: 1.
 - use_allocation_guard: 0.
 - handle_deallocations: 1.


Internal statistics:

num_allocs_failed_limit: 6.
num_arena_births: 1244.
num_arena_deaths: 0.
num_vsnodes_births: 3.
num_vsnodes_deaths: 0.
num_space_committed: 1635.
num_space_uncommitted: 0.
num_chunks_returned_to_freelist: 6.
num_chunks_taken_from_freelist: 5615.
num_chunk_merges: 6.
num_chunk_splits: 3642.
num_chunks_enlarged: 2366.
num_inconsistent_stats: 0.

CodeHeap 'non-profiled nmethods': size=120000Kb used=9028Kb max_used=9028Kb free=110972Kb
 bounds [0x000002351e830000, 0x000002351f110000, 0x0000023525d60000]
CodeHeap 'profiled nmethods': size=120000Kb used=25663Kb max_used=25663Kb free=94336Kb
 bounds [0x0000023516d60000, 0x0000023518680000, 0x000002351e290000]
CodeHeap 'non-nmethods': size=5760Kb used=2438Kb max_used=2522Kb free=3322Kb
 bounds [0x000002351e290000, 0x000002351e510000, 0x000002351e830000]
 total_blobs=14006 nmethods=13031 adapters=887
 compilation: enabled
              stopped_count=0, restarted_count=0
 full_count=0

Compilation events (20 events):
Event: 69.774 Thread 0x000002352d605470 nmethod 15193 0x0000023518653790 code [0x0000023518653940, 0x0000023518653be8]
Event: 69.774 Thread 0x000002352d605470 15194       3       jdk.internal.misc.Unsafe::allocateMemoryChecks (6 bytes)
Event: 69.774 Thread 0x000002352d605470 nmethod 15194 0x0000023518653d10 code [0x0000023518653ec0, 0x00000235186541a8]
Event: 69.774 Thread 0x000002352d605470 15195       3       org.gradle.internal.execution.steps.CaptureStateBeforeExecutionStep::detectOverlappingOutputs (50 bytes)
Event: 69.775 Thread 0x000002352d605470 nmethod 15195 0x0000023518654310 code [0x00000235186545c0, 0x0000023518655728]
Event: 69.775 Thread 0x000002352d605470 15196       3       org.gradle.internal.execution.steps.CaptureStateBeforeExecutionStep::captureExecutionStateWithOutputs (195 bytes)
Event: 69.777 Thread 0x000002352d605470 nmethod 15196 0x0000023518655c10 code [0x00000235186561c0, 0x0000023518659828]
Event: 69.777 Thread 0x000002352d605470 15197       3       org.gradle.internal.execution.steps.CaptureStateBeforeExecutionStep$ImplementationsBuilder::<init> (17 bytes)
Event: 69.778 Thread 0x000002352d605470 nmethod 15197 0x000002351865aa90 code [0x000002351865ac60, 0x000002351865b1b8]
Event: 69.778 Thread 0x000002352d605470 15198       3       org.gradle.internal.execution.steps.SkipEmptyWorkStep$$Lambda$943/0x000002352f73c680::apply (13 bytes)
Event: 69.778 Thread 0x000002352d605470 nmethod 15198 0x000002351865b390 code [0x000002351865b540, 0x000002351865b948]
Event: 69.778 Thread 0x000002352d605470 15199       3       java.io.FileDescriptor$1::setAppend (6 bytes)
Event: 69.778 Thread 0x000002352d605470 nmethod 15199 0x000002351865ba90 code [0x000002351865bc20, 0x000002351865bd38]
Event: 69.778 Thread 0x000002352d605470 15200       3       org.gradle.internal.execution.steps.ValidateStep$$Lambda$600/0x000002352f51a390::accept (20 bytes)
Event: 69.778 Thread 0x000002352d605470 nmethod 15200 0x000002351865be10 code [0x000002351865bfc0, 0x000002351865c288]
Event: 69.778 Thread 0x000002352d605470 15201       3       org.gradle.internal.execution.steps.ValidateStep$$Lambda$603/0x000002352f51b4d8::<init> (15 bytes)
Event: 69.778 Thread 0x000002352d605470 nmethod 15201 0x000002351865c390 code [0x000002351865c540, 0x000002351865c758]
Event: 69.778 Thread 0x000002352d605470 15202       3       org.gradle.internal.execution.steps.ResolveChangesStep::resolveExecutionStateChanges (47 bytes)
Event: 69.780 Thread 0x000002352d605470 nmethod 15202 0x000002351865c810 code [0x000002351865cc20, 0x000002351865ee68]
Event: 69.780 Thread 0x000002352d605470 15203       3       org.gradle.internal.execution.steps.ResolveChangesStep$$Lambda$616/0x000002352f51efa8::get (24 bytes)

GC Heap History (20 events):
Event: 57.386 GC heap before
{Heap before GC invocations=44 (full 0):
 garbage-first heap   total 249856K, used 174034K [0x0000000080000000, 0x0000000100000000)
  region size 1024K, 85 young (87040K), 1 survivors (1024K)
 Metaspace       used 83284K, committed 84032K, reserved 557056K
  class space    used 11512K, committed 11840K, reserved 425984K
}
Event: 57.397 GC heap after
{Heap after GC invocations=45 (full 0):
 garbage-first heap   total 249856K, used 92853K [0x0000000080000000, 0x0000000100000000)
  region size 1024K, 6 young (6144K), 6 survivors (6144K)
 Metaspace       used 83284K, committed 84032K, reserved 557056K
  class space    used 11512K, committed 11840K, reserved 425984K
}
Event: 59.228 GC heap before
{Heap before GC invocations=45 (full 0):
 garbage-first heap   total 249856K, used 179893K [0x0000000080000000, 0x0000000100000000)
  region size 1024K, 91 young (93184K), 6 survivors (6144K)
 Metaspace       used 89150K, committed 89920K, reserved 557056K
  class space    used 12481K, committed 12864K, reserved 425984K
}
Event: 59.237 GC heap after
{Heap after GC invocations=46 (full 0):
 garbage-first heap   total 249856K, used 95964K [0x0000000080000000, 0x0000000100000000)
  region size 1024K, 9 young (9216K), 9 survivors (9216K)
 Metaspace       used 89150K, committed 89920K, reserved 557056K
  class space    used 12481K, committed 12864K, reserved 425984K
}
Event: 61.501 GC heap before
{Heap before GC invocations=46 (full 0):
 garbage-first heap   total 249856K, used 189148K [0x0000000080000000, 0x0000000100000000)
  region size 1024K, 97 young (99328K), 9 survivors (9216K)
 Metaspace       used 92286K, committed 93120K, reserved 557056K
  class space    used 12867K, committed 13248K, reserved 425984K
}
Event: 61.516 GC heap after
{Heap after GC invocations=47 (full 0):
 garbage-first heap   total 249856K, used 111811K [0x0000000080000000, 0x0000000100000000)
  region size 1024K, 13 young (13312K), 13 survivors (13312K)
 Metaspace       used 92286K, committed 93120K, reserved 557056K
  class space    used 12867K, committed 13248K, reserved 425984K
}
Event: 63.569 GC heap before
{Heap before GC invocations=47 (full 0):
 garbage-first heap   total 249856K, used 191683K [0x0000000080000000, 0x0000000100000000)
  region size 1024K, 89 young (91136K), 13 survivors (13312K)
 Metaspace       used 94111K, committed 95040K, reserved 557056K
  class space    used 13155K, committed 13568K, reserved 425984K
}
Event: 63.587 GC heap after
{Heap after GC invocations=48 (full 0):
 garbage-first heap   total 249856K, used 127793K [0x0000000080000000, 0x0000000100000000)
  region size 1024K, 12 young (12288K), 12 survivors (12288K)
 Metaspace       used 94111K, committed 95040K, reserved 557056K
  class space    used 13155K, committed 13568K, reserved 425984K
}
Event: 64.933 GC heap before
{Heap before GC invocations=48 (full 0):
 garbage-first heap   total 249856K, used 195377K [0x0000000080000000, 0x0000000100000000)
  region size 1024K, 76 young (77824K), 12 survivors (12288K)
 Metaspace       used 95365K, committed 96256K, reserved 557056K
  class space    used 13306K, committed 13696K, reserved 425984K
}
Event: 64.954 GC heap after
{Heap after GC invocations=49 (full 0):
 garbage-first heap   total 249856K, used 145408K [0x0000000080000000, 0x0000000100000000)
  region size 1024K, 10 young (10240K), 10 survivors (10240K)
 Metaspace       used 95365K, committed 96256K, reserved 557056K
  class space    used 13306K, committed 13696K, reserved 425984K
}
Event: 66.053 GC heap before
{Heap before GC invocations=49 (full 0):
 garbage-first heap   total 249856K, used 198656K [0x0000000080000000, 0x0000000100000000)
  region size 1024K, 62 young (63488K), 10 survivors (10240K)
 Metaspace       used 100373K, committed 101312K, reserved 557056K
  class space    used 14004K, committed 14464K, reserved 425984K
}
Event: 66.067 GC heap after
{Heap after GC invocations=50 (full 0):
 garbage-first heap   total 249856K, used 149350K [0x0000000080000000, 0x0000000100000000)
  region size 1024K, 4 young (4096K), 4 survivors (4096K)
 Metaspace       used 100373K, committed 101312K, reserved 557056K
  class space    used 14004K, committed 14464K, reserved 425984K
}
Event: 67.056 GC heap before
{Heap before GC invocations=50 (full 0):
 garbage-first heap   total 249856K, used 201574K [0x0000000080000000, 0x0000000100000000)
  region size 1024K, 55 young (56320K), 4 survivors (4096K)
 Metaspace       used 101986K, committed 102976K, reserved 557056K
  class space    used 14212K, committed 14656K, reserved 425984K
}
Event: 67.067 GC heap after
{Heap after GC invocations=51 (full 0):
 garbage-first heap   total 249856K, used 154458K [0x0000000080000000, 0x0000000100000000)
  region size 1024K, 7 young (7168K), 7 survivors (7168K)
 Metaspace       used 101986K, committed 102976K, reserved 557056K
  class space    used 14212K, committed 14656K, reserved 425984K
}
Event: 67.795 GC heap before
{Heap before GC invocations=51 (full 0):
 garbage-first heap   total 249856K, used 204634K [0x0000000080000000, 0x0000000100000000)
  region size 1024K, 56 young (57344K), 7 survivors (7168K)
 Metaspace       used 102531K, committed 103552K, reserved 557056K
  class space    used 14259K, committed 14720K, reserved 425984K
}
Event: 67.807 GC heap after
{Heap after GC invocations=52 (full 0):
 garbage-first heap   total 249856K, used 160363K [0x0000000080000000, 0x0000000100000000)
  region size 1024K, 6 young (6144K), 6 survivors (6144K)
 Metaspace       used 102531K, committed 103552K, reserved 557056K
  class space    used 14259K, committed 14720K, reserved 425984K
}
Event: 68.631 GC heap before
{Heap before GC invocations=52 (full 0):
 garbage-first heap   total 249856K, used 205419K [0x0000000080000000, 0x0000000100000000)
  region size 1024K, 51 young (52224K), 6 survivors (6144K)
 Metaspace       used 103291K, committed 104256K, reserved 557056K
  class space    used 14328K, committed 14784K, reserved 425984K
}
Event: 68.641 GC heap after
{Heap after GC invocations=53 (full 0):
 garbage-first heap   total 249856K, used 163227K [0x0000000080000000, 0x0000000100000000)
  region size 1024K, 3 young (3072K), 3 survivors (3072K)
 Metaspace       used 103291K, committed 104256K, reserved 557056K
  class space    used 14328K, committed 14784K, reserved 425984K
}
Event: 69.446 GC heap before
{Heap before GC invocations=53 (full 0):
 garbage-first heap   total 249856K, used 208283K [0x0000000080000000, 0x0000000100000000)
  region size 1024K, 48 young (49152K), 3 survivors (3072K)
 Metaspace       used 103544K, committed 104512K, reserved 557056K
  class space    used 14376K, committed 14848K, reserved 425984K
}
Event: 69.455 GC heap after
{Heap after GC invocations=54 (full 0):
 garbage-first heap   total 249856K, used 167708K [0x0000000080000000, 0x0000000100000000)
  region size 1024K, 6 young (6144K), 6 survivors (6144K)
 Metaspace       used 103544K, committed 104512K, reserved 557056K
  class space    used 14376K, committed 14848K, reserved 425984K
}

Dll operation events (14 events):
Event: 0.015 Loaded shared library C:\Program Files\Microsoft\jdk-17.0.8.7-hotspot\bin\java.dll
Event: 0.035 Loaded shared library C:\Program Files\Microsoft\jdk-17.0.8.7-hotspot\bin\jsvml.dll
Event: 0.079 Loaded shared library C:\Program Files\Microsoft\jdk-17.0.8.7-hotspot\bin\zip.dll
Event: 0.082 Loaded shared library C:\Program Files\Microsoft\jdk-17.0.8.7-hotspot\bin\instrument.dll
Event: 0.087 Loaded shared library C:\Program Files\Microsoft\jdk-17.0.8.7-hotspot\bin\net.dll
Event: 0.089 Loaded shared library C:\Program Files\Microsoft\jdk-17.0.8.7-hotspot\bin\nio.dll
Event: 0.092 Loaded shared library C:\Program Files\Microsoft\jdk-17.0.8.7-hotspot\bin\zip.dll
Event: 0.302 Loaded shared library C:\Program Files\Microsoft\jdk-17.0.8.7-hotspot\bin\jimage.dll
Event: 0.380 Loaded shared library C:\Program Files\Microsoft\jdk-17.0.8.7-hotspot\bin\verify.dll
Event: 0.579 Loaded shared library C:\Users\mahed\.gradle\native\68d5fa5c4cc2d200863cafc0d521ce42e7d3e7ee720ec0a83991735586a16f82\windows-amd64\native-platform.dll
Event: 0.639 Loaded shared library C:\Users\mahed\.gradle\native\e376f236ea51e6404a007f0833ffe2c6e607c4080706a723a18a27aeea778392\windows-amd64\native-platform-file-events.dll
Event: 1.981 Loaded shared library C:\Program Files\Microsoft\jdk-17.0.8.7-hotspot\bin\management.dll
Event: 1.984 Loaded shared library C:\Program Files\Microsoft\jdk-17.0.8.7-hotspot\bin\management_ext.dll
Event: 2.445 Loaded shared library C:\Program Files\Microsoft\jdk-17.0.8.7-hotspot\bin\sunmscapi.dll

Deoptimization events (20 events):
Event: 68.845 Thread 0x0000023551523530 Uncommon trap: trap_request=0xffffffc6 fr.pc=0x000002351f02d540 relative=0x00000000000000a0
Event: 68.845 Thread 0x0000023551523530 Uncommon trap: reason=bimorphic_or_optimized_type_check action=maybe_recompile pc=0x000002351f02d540 method=org.gradle.execution.plan.ActionNode.hasPendingPreExecutionNodes()Z @ 11 c2
Event: 68.845 Thread 0x0000023551523530 DEOPT PACKING pc=0x000002351f02d540 sp=0x00000060d8dfea80
Event: 68.845 Thread 0x0000023551523530 DEOPT UNPACKING pc=0x000002351e2e69a3 sp=0x00000060d8dfea08 mode 2
Event: 68.849 Thread 0x0000023551523530 Uncommon trap: trap_request=0xffffffc6 fr.pc=0x000002351f02d540 relative=0x00000000000000a0
Event: 68.849 Thread 0x0000023551523530 Uncommon trap: reason=bimorphic_or_optimized_type_check action=maybe_recompile pc=0x000002351f02d540 method=org.gradle.execution.plan.ActionNode.hasPendingPreExecutionNodes()Z @ 11 c2
Event: 68.849 Thread 0x0000023551523530 DEOPT PACKING pc=0x000002351f02d540 sp=0x00000060d8dfea80
Event: 68.849 Thread 0x0000023551523530 DEOPT UNPACKING pc=0x000002351e2e69a3 sp=0x00000060d8dfea08 mode 2
Event: 69.358 Thread 0x000002354db1b2b0 Uncommon trap: trap_request=0xffffff45 fr.pc=0x000002351f0c9320 relative=0x0000000000000ee0
Event: 69.358 Thread 0x000002354db1b2b0 Uncommon trap: reason=unstable_if action=reinterpret pc=0x000002351f0c9320 method=java.util.concurrent.ArrayBlockingQueue.enqueue(Ljava/lang/Object;)V @ 25 c2
Event: 69.358 Thread 0x000002354db1b2b0 DEOPT PACKING pc=0x000002351f0c9320 sp=0x00000060d7efad80
Event: 69.358 Thread 0x000002354db1b2b0 DEOPT UNPACKING pc=0x000002351e2e69a3 sp=0x00000060d7efac88 mode 2
Event: 69.738 Thread 0x000002354db1b2b0 Uncommon trap: trap_request=0xffffff76 fr.pc=0x000002351f0c3f84 relative=0x00000000000004e4
Event: 69.738 Thread 0x000002354db1b2b0 Uncommon trap: reason=predicate action=maybe_recompile pc=0x000002351f0c3f84 method=java.util.TimSort.reverseRange([Ljava/lang/Object;II)V @ 5 c2
Event: 69.739 Thread 0x000002354db1b2b0 DEOPT PACKING pc=0x000002351f0c3f84 sp=0x00000060d7efc150
Event: 69.739 Thread 0x000002354db1b2b0 DEOPT UNPACKING pc=0x000002351e2e69a3 sp=0x00000060d7efc088 mode 2
Event: 69.744 Thread 0x000002354f726ee0 Uncommon trap: trap_request=0xffffff45 fr.pc=0x000002351ecc1628 relative=0x0000000000003d28
Event: 69.744 Thread 0x000002354f726ee0 Uncommon trap: reason=unstable_if action=reinterpret pc=0x000002351ecc1628 method=org.gradle.internal.io.StreamByteBuffer.allocateSpace()I @ 43 c2
Event: 69.744 Thread 0x000002354f726ee0 DEOPT PACKING pc=0x000002351ecc1628 sp=0x00000060d73fedc0
Event: 69.744 Thread 0x000002354f726ee0 DEOPT UNPACKING pc=0x000002351e2e69a3 sp=0x00000060d73fea60 mode 2

Classes unloaded (0 events):
No events

Classes redefined (0 events):
No events

Internal exceptions (20 events):
Event: 66.535 Thread 0x000002354e24efb0 Implicit null exception at 0x000002351ee17b90 to 0x000002351ee17c58
Event: 66.543 Thread 0x000002354e24efb0 Implicit null exception at 0x000002351ef0a90a to 0x000002351ef0a9ea
Event: 66.584 Thread 0x000002354e24efb0 Implicit null exception at 0x000002351ec132b2 to 0x000002351ec139c8
Event: 66.584 Thread 0x000002354e24efb0 Implicit null exception at 0x000002351ee7d1c3 to 0x000002351ee7d277
Event: 66.728 Thread 0x000002354e24efb0 Implicit null exception at 0x000002351eefbe97 to 0x000002351eefc520
Event: 66.945 Thread 0x000002354e24efb0 Exception <a 'java/lang/IncompatibleClassChangeError'{0x000000008c856a98}: Found class java.lang.Object, but interface was expected> (0x000000008c856a98) 
thrown [s\src\hotspot\share\interpreter\linkResolver.cpp, line 826]
Event: 67.073 Thread 0x000002354e24efb0 Exception <a 'sun/nio/fs/WindowsException'{0x000000008fb72ca0}> (0x000000008fb72ca0) 
thrown [s\src\hotspot\share\prims\jni.cpp, line 516]
Event: 67.073 Thread 0x000002354e24efb0 Exception <a 'sun/nio/fs/WindowsException'{0x000000008fb742e0}> (0x000000008fb742e0) 
thrown [s\src\hotspot\share\prims\jni.cpp, line 516]
Event: 67.074 Thread 0x000002354e24efb0 Exception <a 'sun/nio/fs/WindowsException'{0x000000008fb75970}> (0x000000008fb75970) 
thrown [s\src\hotspot\share\prims\jni.cpp, line 516]
Event: 67.074 Thread 0x000002354e24efb0 Exception <a 'sun/nio/fs/WindowsException'{0x000000008fb77000}> (0x000000008fb77000) 
thrown [s\src\hotspot\share\prims\jni.cpp, line 516]
Event: 67.852 Thread 0x0000023551523530 Exception <a 'java/lang/NoSuchMethodError'{0x000000008f023b18}: 'void java.lang.invoke.DirectMethodHandle$Holder.invokeStatic(java.lang.Object, java.lang.Object, java.lang.Object, java.lang.Object, int, java.lang.Object, java.lang.Object)'> (0x000000008f023b18) 
thrown [s\src\hotspot\share\interpreter\linkResolver.cpp, line 759]
Event: 67.874 Thread 0x0000023551523530 Exception <a 'java/lang/NoSuchMethodError'{0x000000008ef465e8}: 'java.lang.Object java.lang.invoke.DirectMethodHandle$Holder.invokeSpecialIFC(java.lang.Object, java.lang.Object, java.lang.Object)'> (0x000000008ef465e8) 
thrown [s\src\hotspot\share\interpreter\linkResolver.cpp, line 759]
Event: 68.110 Thread 0x0000023551523530 Exception <a 'java/lang/NoSuchMethodError'{0x000000008e39e5c8}: 'void java.lang.invoke.DirectMethodHandle$Holder.invokeVirtual(java.lang.Object, java.lang.Object)'> (0x000000008e39e5c8) 
thrown [s\src\hotspot\share\interpreter\linkResolver.cpp, line 759]
Event: 68.710 Thread 0x000002355151e940 Exception <a 'java/lang/ClassNotFoundException'{0x000000008efc7e90}: groovy/util/FileTreeBuilderBeanInfo> (0x000000008efc7e90) 
thrown [s\src\hotspot\share\classfile\systemDictionary.cpp, line 256]
Event: 68.711 Thread 0x000002355151e940 Exception <a 'java/lang/ClassNotFoundException'{0x000000008ee29688}: groovy/util/FileTreeBuilderCustomizer> (0x000000008ee29688) 
thrown [s\src\hotspot\share\classfile\systemDictionary.cpp, line 256]
Event: 68.730 Thread 0x000002355151e940 Exception <a 'java/lang/ClassNotFoundException'{0x000000008ee60260}: java/io/BufferedWriterBeanInfo> (0x000000008ee60260) 
thrown [s\src\hotspot\share\classfile\systemDictionary.cpp, line 256]
Event: 68.730 Thread 0x000002355151e940 Exception <a 'java/lang/ClassNotFoundException'{0x000000008ee65648}: java/io/WriterBeanInfo> (0x000000008ee65648) 
thrown [s\src\hotspot\share\classfile\systemDictionary.cpp, line 256]
Event: 68.730 Thread 0x000002355151e940 Exception <a 'java/lang/ClassNotFoundException'{0x000000008ee6ac58}: java/io/WriterCustomizer> (0x000000008ee6ac58) 
thrown [s\src\hotspot\share\classfile\systemDictionary.cpp, line 256]
Event: 68.731 Thread 0x000002355151e940 Exception <a 'java/lang/ClassNotFoundException'{0x000000008ee78f10}: java/io/BufferedWriterCustomizer> (0x000000008ee78f10) 
thrown [s\src\hotspot\share\classfile\systemDictionary.cpp, line 256]
Event: 68.772 Thread 0x000002355151e940 Exception <a 'java/lang/NoSuchMethodError'{0x000000008ed05db0}: static Lcom/android/build/api/variant/BuildConfigField;.<clinit>()V> (0x000000008ed05db0) 
thrown [s\src\hotspot\share\prims\jni.cpp, line 1107]

VM Operations (20 events):
Event: 67.691 Executing VM operation: ICBufferFull
Event: 67.691 Executing VM operation: ICBufferFull done
Event: 67.795 Executing VM operation: G1CollectForAllocation
Event: 67.807 Executing VM operation: G1CollectForAllocation done
Event: 67.834 Executing VM operation: HandshakeAllThreads
Event: 67.834 Executing VM operation: HandshakeAllThreads done
Event: 67.860 Executing VM operation: HandshakeAllThreads
Event: 67.861 Executing VM operation: HandshakeAllThreads done
Event: 67.893 Executing VM operation: HandshakeAllThreads
Event: 67.894 Executing VM operation: HandshakeAllThreads done
Event: 68.111 Executing VM operation: ICBufferFull
Event: 68.112 Executing VM operation: ICBufferFull done
Event: 68.590 Executing VM operation: ICBufferFull
Event: 68.591 Executing VM operation: ICBufferFull done
Event: 68.630 Executing VM operation: G1CollectForAllocation
Event: 68.641 Executing VM operation: G1CollectForAllocation done
Event: 68.888 Executing VM operation: ICBufferFull
Event: 68.888 Executing VM operation: ICBufferFull done
Event: 69.446 Executing VM operation: G1CollectForAllocation
Event: 69.455 Executing VM operation: G1CollectForAllocation done

Events (20 events):
Event: 68.512 Thread 0x0000023557b5d5e0 Thread added: 0x0000023557b5d5e0
Event: 68.549 Thread 0x0000023557b5cbc0 Thread added: 0x0000023557b5cbc0
Event: 68.567 Thread 0x000002354e24f9d0 Thread added: 0x000002354e24f9d0
Event: 68.673 Thread 0x000002354e2f3800 Thread added: 0x000002354e2f3800
Event: 68.730 loading class java/io/BufferedWriterBeanInfo
Event: 68.730 loading class java/io/BufferedWriterBeanInfo done
Event: 68.730 loading class java/io/BufferedWriterBeanInfo
Event: 68.730 loading class java/io/BufferedWriterBeanInfo done
Event: 68.730 loading class java/io/WriterBeanInfo
Event: 68.730 loading class java/io/WriterBeanInfo done
Event: 68.730 loading class java/io/WriterBeanInfo
Event: 68.730 loading class java/io/WriterBeanInfo done
Event: 68.730 loading class java/io/WriterCustomizer
Event: 68.730 loading class java/io/WriterCustomizer done
Event: 68.730 loading class java/io/WriterCustomizer
Event: 68.730 loading class java/io/WriterCustomizer done
Event: 68.731 loading class java/io/BufferedWriterCustomizer
Event: 68.731 loading class java/io/BufferedWriterCustomizer done
Event: 68.731 loading class java/io/BufferedWriterCustomizer
Event: 68.731 loading class java/io/BufferedWriterCustomizer done


Dynamic libraries:
0x00007ff66c280000 - 0x00007ff66c28e000 	C:\Program Files\Microsoft\jdk-17.0.8.7-hotspot\bin\java.exe
0x00007ffd5b450000 - 0x00007ffd5b648000 	C:\Windows\SYSTEM32\ntdll.dll
0x00007ffd5a900000 - 0x00007ffd5a9bd000 	C:\Windows\System32\KERNEL32.DLL
0x00007ffd59070000 - 0x00007ffd59366000 	C:\Windows\System32\KERNELBASE.dll
0x00007ffd58ec0000 - 0x00007ffd58fc0000 	C:\Windows\System32\ucrtbase.dll
0x00007ffd36840000 - 0x00007ffd36857000 	C:\Program Files\Microsoft\jdk-17.0.8.7-hotspot\bin\jli.dll
0x00007ffd5a5f0000 - 0x00007ffd5a78e000 	C:\Windows\System32\USER32.dll
0x00007ffd3d6e0000 - 0x00007ffd3d6fb000 	C:\Program Files\Microsoft\jdk-17.0.8.7-hotspot\bin\VCRUNTIME140.dll
0x00007ffd4fd40000 - 0x00007ffd4ffda000 	C:\Windows\WinSxS\amd64_microsoft.windows.common-controls_6595b64144ccf1df_6.0.19041.3636_none_60b6a03d71f818d5\COMCTL32.dll
0x00007ffd58e90000 - 0x00007ffd58eb2000 	C:\Windows\System32\win32u.dll
0x00007ffd5a9c0000 - 0x00007ffd5aa5e000 	C:\Windows\System32\msvcrt.dll
0x00007ffd595d0000 - 0x00007ffd595fc000 	C:\Windows\System32\GDI32.dll
0x00007ffd58b70000 - 0x00007ffd58c8a000 	C:\Windows\System32\gdi32full.dll
0x00007ffd58c90000 - 0x00007ffd58d2d000 	C:\Windows\System32\msvcp_win.dll
0x00007ffd5ab40000 - 0x00007ffd5ab70000 	C:\Windows\System32\IMM32.DLL
0x00007ffd4fb70000 - 0x00007ffd4fb7c000 	C:\Program Files\Microsoft\jdk-17.0.8.7-hotspot\bin\vcruntime140_1.dll
0x00007ffd1e6f0000 - 0x00007ffd1e77d000 	C:\Program Files\Microsoft\jdk-17.0.8.7-hotspot\bin\msvcp140.dll
0x00007ffce6930000 - 0x00007ffce7595000 	C:\Program Files\Microsoft\jdk-17.0.8.7-hotspot\bin\server\jvm.dll
0x00007ffd5a840000 - 0x00007ffd5a8f3000 	C:\Windows\System32\ADVAPI32.dll
0x00007ffd5a790000 - 0x00007ffd5a82f000 	C:\Windows\System32\sechost.dll
0x00007ffd5afc0000 - 0x00007ffd5b0e6000 	C:\Windows\System32\RPCRT4.dll
0x00007ffd59470000 - 0x00007ffd59497000 	C:\Windows\System32\bcrypt.dll
0x00007ffd58980000 - 0x00007ffd589cb000 	C:\Windows\SYSTEM32\POWRPROF.dll
0x00007ffd527f0000 - 0x00007ffd527f9000 	C:\Windows\SYSTEM32\WSOCK32.dll
0x00007ffd5aed0000 - 0x00007ffd5af3b000 	C:\Windows\System32\WS2_32.dll
0x00007ffd50a10000 - 0x00007ffd50a1a000 	C:\Windows\SYSTEM32\VERSION.dll
0x00007ffd4a2f0000 - 0x00007ffd4a317000 	C:\Windows\SYSTEM32\WINMM.dll
0x00007ffd58960000 - 0x00007ffd58972000 	C:\Windows\SYSTEM32\UMPDC.dll
0x00007ffd56910000 - 0x00007ffd56922000 	C:\Windows\SYSTEM32\kernel.appcore.dll
0x00007ffd3fd90000 - 0x00007ffd3fd9a000 	C:\Program Files\Microsoft\jdk-17.0.8.7-hotspot\bin\jimage.dll
0x00007ffd53b90000 - 0x00007ffd53d74000 	C:\Windows\SYSTEM32\DBGHELP.DLL
0x00007ffd53790000 - 0x00007ffd537c4000 	C:\Windows\SYSTEM32\dbgcore.DLL
0x00007ffd59370000 - 0x00007ffd593f2000 	C:\Windows\System32\bcryptPrimitives.dll
0x00007ffd27d20000 - 0x00007ffd27d2e000 	C:\Program Files\Microsoft\jdk-17.0.8.7-hotspot\bin\instrument.dll
0x00007ffd1efa0000 - 0x00007ffd1efc5000 	C:\Program Files\Microsoft\jdk-17.0.8.7-hotspot\bin\java.dll
0x00007ffd1dde0000 - 0x00007ffd1deb7000 	C:\Program Files\Microsoft\jdk-17.0.8.7-hotspot\bin\jsvml.dll
0x00007ffd59990000 - 0x00007ffd5a0d5000 	C:\Windows\System32\SHELL32.dll
0x00007ffd56bf0000 - 0x00007ffd5738b000 	C:\Windows\SYSTEM32\windows.storage.dll
0x00007ffd5ab70000 - 0x00007ffd5aec4000 	C:\Windows\System32\combase.dll
0x00007ffd58480000 - 0x00007ffd584ad000 	C:\Windows\SYSTEM32\Wldp.dll
0x00007ffd5b150000 - 0x00007ffd5b1fd000 	C:\Windows\System32\SHCORE.dll
0x00007ffd5b0f0000 - 0x00007ffd5b145000 	C:\Windows\System32\shlwapi.dll
0x00007ffd58a50000 - 0x00007ffd58a75000 	C:\Windows\SYSTEM32\profapi.dll
0x00007ffd1ec80000 - 0x00007ffd1ec98000 	C:\Program Files\Microsoft\jdk-17.0.8.7-hotspot\bin\zip.dll
0x00007ffd2f900000 - 0x00007ffd2f919000 	C:\Program Files\Microsoft\jdk-17.0.8.7-hotspot\bin\net.dll
0x00007ffd52ce0000 - 0x00007ffd52dea000 	C:\Windows\SYSTEM32\WINHTTP.dll
0x00007ffd581e0000 - 0x00007ffd5824a000 	C:\Windows\system32\mswsock.dll
0x00007ffd1eca0000 - 0x00007ffd1ecb6000 	C:\Program Files\Microsoft\jdk-17.0.8.7-hotspot\bin\nio.dll
0x00007ffd320b0000 - 0x00007ffd320c0000 	C:\Program Files\Microsoft\jdk-17.0.8.7-hotspot\bin\verify.dll
0x00007ffd1e960000 - 0x00007ffd1e987000 	C:\Users\mahed\.gradle\native\68d5fa5c4cc2d200863cafc0d521ce42e7d3e7ee720ec0a83991735586a16f82\windows-amd64\native-platform.dll
0x00007ffce4960000 - 0x00007ffce4aa4000 	C:\Users\mahed\.gradle\native\e376f236ea51e6404a007f0833ffe2c6e607c4080706a723a18a27aeea778392\windows-amd64\native-platform-file-events.dll
0x00007ffd31f70000 - 0x00007ffd31f79000 	C:\Program Files\Microsoft\jdk-17.0.8.7-hotspot\bin\management.dll
0x00007ffd311a0000 - 0x00007ffd311ab000 	C:\Program Files\Microsoft\jdk-17.0.8.7-hotspot\bin\management_ext.dll
0x00007ffd5a5e0000 - 0x00007ffd5a5e8000 	C:\Windows\System32\PSAPI.DLL
0x00007ffd583e0000 - 0x00007ffd583f8000 	C:\Windows\SYSTEM32\CRYPTSP.dll
0x00007ffd57b10000 - 0x00007ffd57b44000 	C:\Windows\system32\rsaenh.dll
0x00007ffd589d0000 - 0x00007ffd589fe000 	C:\Windows\SYSTEM32\USERENV.dll
0x00007ffd583d0000 - 0x00007ffd583dc000 	C:\Windows\SYSTEM32\CRYPTBASE.dll
0x00007ffd57ed0000 - 0x00007ffd57f0b000 	C:\Windows\SYSTEM32\IPHLPAPI.DLL
0x00007ffd5a5d0000 - 0x00007ffd5a5d8000 	C:\Windows\System32\NSI.dll
0x00007ffd53620000 - 0x00007ffd53637000 	C:\Windows\SYSTEM32\dhcpcsvc6.DLL
0x00007ffd53ac0000 - 0x00007ffd53add000 	C:\Windows\SYSTEM32\dhcpcsvc.DLL
0x00007ffd57f10000 - 0x00007ffd57fda000 	C:\Windows\SYSTEM32\DNSAPI.dll
0x00007ffd27630000 - 0x00007ffd2763e000 	C:\Program Files\Microsoft\jdk-17.0.8.7-hotspot\bin\sunmscapi.dll
0x00007ffd58d30000 - 0x00007ffd58e8d000 	C:\Windows\System32\CRYPT32.dll
0x00007ffd584f0000 - 0x00007ffd58518000 	C:\Windows\SYSTEM32\ncrypt.dll
0x00007ffd584b0000 - 0x00007ffd584eb000 	C:\Windows\SYSTEM32\NTASN1.dll
0x00007ffd391e0000 - 0x00007ffd391e7000 	C:\Windows\system32\wshunix.dll
0x00007ffd512b0000 - 0x00007ffd512ba000 	C:\Windows\System32\rasadhlp.dll
0x00007ffd510f0000 - 0x00007ffd51170000 	C:\Windows\System32\fwpuclnt.dll
0x00007ffd1d080000 - 0x00007ffd1d097000 	C:\Windows\system32\napinsp.dll
0x00007ffd1d060000 - 0x00007ffd1d07b000 	C:\Windows\system32\pnrpnsp.dll
0x00007ffd52e70000 - 0x00007ffd52e85000 	C:\Windows\system32\wshbth.dll
0x00007ffd540d0000 - 0x00007ffd540ed000 	C:\Windows\system32\NLAapi.dll
0x00007ffd1bd30000 - 0x00007ffd1bd42000 	C:\Windows\System32\winrnr.dll

dbghelp: loaded successfully - version: 4.0.5 - missing functions: none
symbol engine: initialized successfully - sym options: 0x614 - pdb path: .;C:\Program Files\Microsoft\jdk-17.0.8.7-hotspot\bin;C:\Windows\SYSTEM32;C:\Windows\WinSxS\amd64_microsoft.windows.common-controls_6595b64144ccf1df_6.0.19041.3636_none_60b6a03d71f818d5;C:\Program Files\Microsoft\jdk-17.0.8.7-hotspot\bin\server;C:\Users\mahed\.gradle\native\68d5fa5c4cc2d200863cafc0d521ce42e7d3e7ee720ec0a83991735586a16f82\windows-amd64;C:\Users\mahed\.gradle\native\e376f236ea51e6404a007f0833ffe2c6e607c4080706a723a18a27aeea778392\windows-amd64

VM Arguments:
jvm_args: -XX:MaxMetaspaceSize=512m --add-opens=java.base/java.util=ALL-UNNAMED --add-opens=java.base/java.lang=ALL-UNNAMED --add-opens=java.base/java.lang.invoke=ALL-UNNAMED --add-opens=java.prefs/java.util.prefs=ALL-UNNAMED --add-opens=java.base/java.nio.charset=ALL-UNNAMED --add-opens=java.base/java.net=ALL-UNNAMED --add-opens=java.base/java.util.concurrent.atomic=ALL-UNNAMED -Xmx2048m -Dfile.encoding=windows-1252 -Duser.country=US -Duser.language=en -Duser.variant -javaagent:C:\Users\mahed\.gradle\wrapper\dists\gradle-8.3-all\6en3ugtfdg5xnpx44z4qbwgas\gradle-8.3\lib\agents\gradle-instrumentation-agent-8.3.jar 
java_command: org.gradle.launcher.daemon.bootstrap.GradleDaemon 8.3
java_class_path (initial): C:\Users\mahed\.gradle\wrapper\dists\gradle-8.3-all\6en3ugtfdg5xnpx44z4qbwgas\gradle-8.3\lib\gradle-launcher-8.3.jar
Launcher Type: SUN_STANDARD

[Global flags]
     intx CICompilerCount                          = 3                                         {product} {ergonomic}
   size_t CompressedClassSpaceSize                 = 436207616                                 {product} {ergonomic}
     uint ConcGCThreads                            = 1                                         {product} {ergonomic}
     uint G1ConcRefinementThreads                  = 4                                         {product} {ergonomic}
   size_t G1HeapRegionSize                         = 1048576                                   {product} {ergonomic}
    uintx GCDrainStackTargetSize                   = 64                                        {product} {ergonomic}
   size_t InitialHeapSize                          = 264241152                                 {product} {ergonomic}
   size_t MarkStackSize                            = 4194304                                   {product} {ergonomic}
   size_t MaxHeapSize                              = 2147483648                                {product} {command line}
   size_t MaxMetaspaceSize                         = 536870912                                 {product} {command line}
   size_t MaxNewSize                               = 1287651328                                {product} {ergonomic}
   size_t MinHeapDeltaBytes                        = 1048576                                   {product} {ergonomic}
   size_t MinHeapSize                              = 8388608                                   {product} {ergonomic}
    uintx NonNMethodCodeHeapSize                   = 5832780                                {pd product} {ergonomic}
    uintx NonProfiledCodeHeapSize                  = 122912730                              {pd product} {ergonomic}
    uintx ProfiledCodeHeapSize                     = 122912730                              {pd product} {ergonomic}
    uintx ReservedCodeCacheSize                    = 251658240                              {pd product} {ergonomic}
     bool SegmentedCodeCache                       = true                                      {product} {ergonomic}
   size_t SoftMaxHeapSize                          = 2147483648                             {manageable} {ergonomic}
     bool UseCompressedClassPointers               = true                           {product lp64_product} {ergonomic}
     bool UseCompressedOops                        = true                           {product lp64_product} {ergonomic}
     bool UseG1GC                                  = true                                      {product} {ergonomic}
     bool UseLargePagesIndividualAllocation        = false                                  {pd product} {ergonomic}

Logging:
Log output configuration:
 #0: stdout all=warning uptime,level,tags
 #1: stderr all=off uptime,level,tags

Environment Variables:
JAVA_HOME=C:\Program Files\Microsoft\jdk-17.0.8.7-hotspot\
CLASSPATH=D:\University\Dev\ReactNative\NotesLink\android\\gradle\wrapper\gradle-wrapper.jar
PATH=D:\University\Dev\ReactNative\NotesLink\node_modules\.bin;D:\University\Dev\ReactNative\NotesLink\node_modules\.bin;D:\University\Dev\ReactNative\node_modules\.bin;D:\University\Dev\node_modules\.bin;D:\University\node_modules\.bin;D:\node_modules\.bin;C:\Users\mahed\AppData\Roaming\npm\node_modules\npm\node_modules\@npmcli\run-script\lib\node-gyp-bin;D:\University\Dev\ReactNative\NotesLink\node_modules\.bin;D:\University\Dev\ReactNative\node_modules\.bin;D:\University\Dev\node_modules\.bin;D:\University\node_modules\.bin;D:\node_modules\.bin;C:\Users\mahed\AppData\Roaming\npm\node_modules\npm\node_modules\@npmcli\run-script\lib\node-gyp-bin;C:\Program Files\Microsoft\jdk-17.0.8.7-hotspot\bin;C:\Windows\system32;C:\Windows;C:\Windows\System32\Wbem;C:\Windows\System32\WindowsPowerShell\v1.0\;C:\Windows\System32\OpenSSH\;C:\ProgramData\chocolatey\bin;C:\Users\mahed\AppData\Local\Android\Sdk\platform-tools;C:\Program Files\Git\cmd;C:\mingw\bin;C:\Program Files\nodejs\;C:\Users\mahed\AppData\Local\Android\Sdk\tools;C:\Users\mahed\AppData\Local\Programs\Python\Python38\Scripts\;C:\Users\mahed\AppData\Local\Programs\Python\Python38\;C:\Users\mahed\AppData\Local\Programs\Python\Launcher\;C:\Users\mahed\AppData\Local\Microsoft\WindowsApps;C:\Users\mahed\AppData\Local\Programs\Microsoft VS Code\bin;C:\Program Files\JetBrains\PyCharm 2023.1.2\bin;;C:\Users\mahed\anaconda3\Library\bin\conda.bat;C:\Users\mahed\anaconda3\Scripts\conda.exe;C:\Users\mahed\anaconda3\condabin\conda.bat;C:\Users\mahed\AppData\Roaming\npm;C:\Program Files\Microsoft\jdk-17.0.8.7-hotspot\bin;
USERNAME=mahed
LANG=en_US.UTF-8
OS=Windows_NT
PROCESSOR_IDENTIFIER=Intel64 Family 6 Model 60 Stepping 3, GenuineIntel
TMP=C:\Users\mahed\AppData\Local\Temp
TEMP=C:\Users\mahed\AppData\Local\Temp



---------------  S Y S T E M  ---------------

OS:
 Windows 10 , 64 bit Build 19041 (10.0.19041.3636)
OS uptime: 2 days 22:35 hours

CPU: total 4 (initial active 4) (4 cores per cpu, 1 threads per core) family 6 model 60 stepping 3 microcode 0x27, cx8, cmov, fxsr, mmx, sse, sse2, sse3, ssse3, sse4.1, sse4.2, popcnt, lzcnt, tsc, tscinvbit, avx, avx2, aes, erms, clmul, bmi1, bmi2, fma, vzeroupper, clflush
Processor Information for all 4 processors :
  Max Mhz: 3201, Current Mhz: 3201, Mhz Limit: 3201

Memory: 4k page, system-wide physical 16102M (5966M free)
TotalPageFile size 18534M (AvailPageFile size 7955M)
current process WorkingSet (physical memory assigned to process): 551M, peak: 551M
current process commit charge ("private bytes"): 589M, peak: 589M

vm_info: OpenJDK 64-Bit Server VM (17.0.8+7-LTS) for windows-amd64 JRE (17.0.8+7-LTS), built on Jul  7 2023 17:21:55 by "MicrosoftCorporation" with MS VC++ 16.10 / 16.11 (VS2019)

END.
